seq_name	seq_desc	pred_gene	gene_desc	e-value	bitscore
sp|Q5N638|MNME_SYNP6	tRNA modification GTPase MnmE OS=Synechococcus sp. (strain ATCC 27144 / PCC 6301 / SAUG 1402/1)	MnmE	tRNA uridine-5-carboxymethylaminomethyl(34) synthesis GTPase MnmE	2.4e-145	479.9
sp|Q899S2|MNME_CLOTE	tRNA modification GTPase MnmE OS=Clostridium tetani (strain Massachusetts / E88) OX=212717 GN=m	MnmE	tRNA uridine-5-carboxymethylaminomethyl(34) synthesis GTPase MnmE	8.1e-132	435.3
sp|Q8DPZ8|MNME_STRR6	tRNA modification GTPase MnmE OS=Streptococcus pneumoniae (strain ATCC BAA-255 / R6) OX=171101	MnmE	tRNA uridine-5-carboxymethylaminomethyl(34) synthesis GTPase MnmE	1.5e-131	434.4
sp|Q814F6|MNME_BACCR	tRNA modification GTPase MnmE OS=Bacillus cereus (strain ATCC 14579 / DSM 31 / CCUG 7414 / JCM	MnmE	tRNA uridine-5-carboxymethylaminomethyl(34) synthesis GTPase MnmE	4.9e-131	432.7
sp|Q8Y3M4|MNME_LISMO	tRNA modification GTPase MnmE OS=Listeria monocytogenes serovar 1/2a (strain ATCC BAA-679 / EGD	MnmE	tRNA uridine-5-carboxymethylaminomethyl(34) synthesis GTPase MnmE	8.2e-129	425.4
sp|Q7M901|MNME_WOLSU	tRNA modification GTPase MnmE OS=Wolinella succinogenes (strain ATCC 29543 / DSM 1740 / LMG 746	MnmE	tRNA uridine-5-carboxymethylaminomethyl(34) synthesis GTPase MnmE	2.3e-124	410.7
sp|Q39ZT0|MNME_SYNC1	tRNA modification GTPase MnmE OS=Syntrophotalea carbinolica (strain DSM 2380 / NBRC 103641 / Gr	MnmE	tRNA uridine-5-carboxymethylaminomethyl(34) synthesis GTPase MnmE	1.1e-120	398.6
sp|Q9PLM9|MNME_CHLMU	tRNA modification GTPase MnmE OS=Chlamydia muridarum (strain MoPn / Nigg) OX=243161 GN=mnmE PE=	MnmE	tRNA uridine-5-carboxymethylaminomethyl(34) synthesis GTPase MnmE	1.6e-113	375.0
sp|Q6APY7|MNME_DESPS	tRNA modification GTPase MnmE OS=Desulfotalea psychrophila (strain LSv54 / DSM 12343) OX=177439	MnmE	tRNA uridine-5-carboxymethylaminomethyl(34) synthesis GTPase MnmE	1.3e-112	372.0
sp|O84704|MNME_CHLTR	tRNA modification GTPase MnmE OS=Chlamydia trachomatis (strain D/UW-3/Cx) OX=272561 GN=mnmE PE=	MnmE	tRNA uridine-5-carboxymethylaminomethyl(34) synthesis GTPase MnmE	3.7e-112	370.5
sp|Q7MVZ2|MNME_PORGI	tRNA modification GTPase MnmE OS=Porphyromonas gingivalis (strain ATCC BAA-308 / W83) OX=242619	MnmE	tRNA uridine-5-carboxymethylaminomethyl(34) synthesis GTPase MnmE	1.3e-111	368.8
sp|Q821L2|MNME_CHLCV	tRNA modification GTPase MnmE OS=Chlamydia caviae (strain ATCC VR-813 / DSM 19441 / 03DC25 / GP	MnmE	tRNA uridine-5-carboxymethylaminomethyl(34) synthesis GTPase MnmE	3e-111	367.5
sp|A5UY19|MNME_ROSS1	tRNA modification GTPase MnmE OS=Roseiflexus sp. (strain RS-1) OX=357808 GN=mnmE PE=3 SV=2	MnmE	tRNA uridine-5-carboxymethylaminomethyl(34) synthesis GTPase MnmE	4.6e-111	366.9
sp|Q9PNX9|MNME_CAMJE	tRNA modification GTPase MnmE OS=Campylobacter jejuni subsp. jejuni serotype O:2 (strain ATCC 7	MnmE	tRNA uridine-5-carboxymethylaminomethyl(34) synthesis GTPase MnmE	1.9e-109	361.6
sp|P97043|MNME_LEPIN	tRNA modification GTPase MnmE OS=Leptospira interrogans serogroup Icterohaemorrhagiae serovar L	MnmE	tRNA uridine-5-carboxymethylaminomethyl(34) synthesis GTPase MnmE	1.3e-104	345.7
sp|Q9HT07|MNME_PSEAE	tRNA modification GTPase MnmE OS=Pseudomonas aeruginosa (strain ATCC 15692 / DSM 22644 / CIP 10	MnmE	tRNA uridine-5-carboxymethylaminomethyl(34) synthesis GTPase MnmE	8.9e-104	342.9
sp|Q8FBV3|MNME_ECOL6	tRNA modification GTPase MnmE OS=Escherichia coli O6:H1 (strain CFT073 / ATCC 700928 / UPEC) OX	MnmE	tRNA uridine-5-carboxymethylaminomethyl(34) synthesis GTPase MnmE	3.4e-102	337.7
sp|P25522|MNME_ECOLI	tRNA modification GTPase MnmE OS=Escherichia coli (strain K12) OX=83333 GN=mnmE PE=1 SV=3	MnmE	tRNA uridine-5-carboxymethylaminomethyl(34) synthesis GTPase MnmE	7.5e-102	336.5
sp|P0A175|MNME_PSEPK	tRNA modification GTPase MnmE OS=Pseudomonas putida (strain ATCC 47054 / DSM 6125 / CFBP 8728 /	MnmE	tRNA uridine-5-carboxymethylaminomethyl(34) synthesis GTPase MnmE	3.3e-101	334.4
sp|Q39BQ4|MNME_BURL3	tRNA modification GTPase MnmE OS=Burkholderia lata (strain ATCC 17760 / DSM 23089 / LMG 22485 /	MnmE	tRNA uridine-5-carboxymethylaminomethyl(34) synthesis GTPase MnmE	2.2e-100	331.7
sp|A3DAS7|MNME_SHEB5	tRNA modification GTPase MnmE OS=Shewanella baltica (strain OS155 / ATCC BAA-1091) OX=325240 GN	MnmE	tRNA uridine-5-carboxymethylaminomethyl(34) synthesis GTPase MnmE	2.7e-100	331.4
sp|Q0KFG6|MNME_CUPNH	tRNA modification GTPase MnmE OS=Cupriavidus necator (strain ATCC 17699 / DSM 428 / KCTC 22496	MnmE	tRNA uridine-5-carboxymethylaminomethyl(34) synthesis GTPase MnmE	2.7e-100	331.4
sp|A9MJT6|MNME_SALAR	tRNA modification GTPase MnmE OS=Salmonella arizonae (strain ATCC BAA-731 / CDC346-86 / RSK2980	MnmE	tRNA uridine-5-carboxymethylaminomethyl(34) synthesis GTPase MnmE	6.5e-100	330.1
sp|Q8ZKY3|MNME_SALTY	tRNA modification GTPase MnmE OS=Salmonella typhimurium (strain LT2 / SGSC1412 / ATCC 700720) O	MnmE	tRNA uridine-5-carboxymethylaminomethyl(34) synthesis GTPase MnmE	8.5e-100	329.8
sp|B8GW34|MNME_CAUVN	tRNA modification GTPase MnmE OS=Caulobacter vibrioides (strain NA1000 / CB15N) OX=565050 GN=mn	MnmE	tRNA uridine-5-carboxymethylaminomethyl(34) synthesis GTPase MnmE	2e-87	289.0
sp|P0CAX2|MNME_CAUVC	tRNA modification GTPase MnmE OS=Caulobacter vibrioides (strain ATCC 19089 / CB15) OX=190650 GN	MnmE	tRNA uridine-5-carboxymethylaminomethyl(34) synthesis GTPase MnmE	2e-87	289.0
sp|Q74H59|DNAK_GEOSL	Chaperone protein DnaK OS=Geobacter sulfurreducens (strain ATCC 51573 / DSM 12127 / PCA) OX=243	DnaK	Molecular chaperonne DnaK	0.0	1037.7
sp|P0C922|DNAK_BORBU	Chaperone protein DnaK OS=Borreliella burgdorferi (strain ATCC 35210 / DSM 4680 / CIP 102532 /	DnaK	Molecular chaperonne DnaK	3.1e-303	1001.5
sp|Q2RNE6|DNAK_RHORT	Chaperone protein DnaK OS=Rhodospirillum rubrum (strain ATCC 11170 / ATH 1.1.1 / DSM 467 / LMG	DnaK	Molecular chaperonne DnaK	3.3e-301	994.8
sp|A7MIK5|DNAK_CROS8	Chaperone protein DnaK OS=Cronobacter sakazakii (strain ATCC BAA-894) OX=290339 GN=dnaK PE=3 SV	DnaK	Molecular chaperonne DnaK	2.2e-295	975.6
sp|Q56073|DNAK_SALTY	Chaperone protein DnaK OS=Salmonella typhimurium (strain LT2 / SGSC1412 / ATCC 700720) OX=99287	DnaK	Molecular chaperonne DnaK	8.3e-295	973.7
sp|P0A6Y8|DNAK_ECOLI	Chaperone protein DnaK OS=Escherichia coli (strain K12) OX=83333 GN=dnaK PE=1 SV=2	DnaK	Molecular chaperonne DnaK	8.9e-295	973.6
sp|P0A6Z0|DNAK_ECO57	Chaperone protein DnaK OS=Escherichia coli O157:H7 OX=83334 GN=dnaK PE=3 SV=2	DnaK	Molecular chaperonne DnaK	8.9e-295	973.6
sp|O06430|DNAK_NITEU	Chaperone protein DnaK OS=Nitrosomonas europaea (strain ATCC 19718 / CIP 103999 / KCTC 2705 / N	DnaK	Molecular chaperonne DnaK	2.4e-294	972.1
sp|Q45551|DNAK_GEOSE	Chaperone protein DnaK OS=Geobacillus stearothermophilus OX=1422 GN=dnaK PE=3 SV=2	DnaK	Molecular chaperonne DnaK	5.1e-294	971.1
sp|A8ALU3|DNAK_CITK8	Chaperone protein DnaK OS=Citrobacter koseri (strain ATCC BAA-895 / CDC 4225-83 / SGSC4696) OX=	DnaK	Molecular chaperonne DnaK	7.8e-294	970.4
sp|A5FGL1|DNAK_FLAJ1	Chaperone protein DnaK OS=Flavobacterium johnsoniae (strain ATCC 17061 / DSM 2064 / JCM 8514 /	DnaK	Molecular chaperonne DnaK	3.2e-293	968.4
sp|Q9HV43|DNAK_PSEAE	Chaperone protein DnaK OS=Pseudomonas aeruginosa (strain ATCC 15692 / DSM 22644 / CIP 104116 /	DnaK	Molecular chaperonne DnaK	1.3e-291	963.1
sp|P43736|DNAK_HAEIN	Chaperone protein DnaK OS=Haemophilus influenzae (strain ATCC 51907 / DSM 11121 / KW20 / Rd) OX	DnaK	Molecular chaperonne DnaK	3.4e-290	958.4
sp|P17820|DNAK_BACSU	Chaperone protein DnaK OS=Bacillus subtilis (strain 168) OX=224308 GN=dnaK PE=1 SV=3	DnaK	Molecular chaperonne DnaK	5.6e-289	954.4
sp|O34241|DNAK_VIBCH	Chaperone protein DnaK OS=Vibrio cholerae serotype O1 (strain ATCC 39315 / El Tor Inaba N16961)	DnaK	Molecular chaperonne DnaK	1.1e-288	953.5
sp|Q9K0N4|DNAK_NEIMB	Chaperone protein DnaK OS=Neisseria meningitidis serogroup B (strain MC58) OX=122586 GN=dnaK PE	DnaK	Molecular chaperonne DnaK	9.1e-287	947.1
sp|Q182E8|DNAK_CLOD6	Chaperone protein DnaK OS=Clostridioides difficile (strain 630) OX=272563 GN=dnaK PE=3 SV=1	DnaK	Molecular chaperonne DnaK	5.6e-286	944.5
sp|Q49Y22|DNAK_STAS1	Chaperone protein DnaK OS=Staphylococcus saprophyticus subsp. saprophyticus (strain ATCC 15305	DnaK	Molecular chaperonne DnaK	7.5e-285	940.8
sp|P0C0C5|DNAK_STRPY	Chaperone protein DnaK OS=Streptococcus pyogenes OX=1314 GN=dnaK PE=3 SV=2	DnaK	Molecular chaperonne DnaK	4.4e-284	938.2
sp|P68837|DNAK_STRP8	Chaperone protein DnaK OS=Streptococcus pyogenes serotype M18 (strain MGAS8232) OX=186103 GN=dn	DnaK	Molecular chaperonne DnaK	4.4e-284	938.2
sp|O06942|DNAK_STRMU	Chaperone protein DnaK OS=Streptococcus mutans serotype c (strain ATCC 700610 / UA159) OX=21000	DnaK	Molecular chaperonne DnaK	4.4e-284	938.2
sp|P0DB70|DNAK_STRP3	Chaperone protein DnaK OS=Streptococcus pyogenes serotype M3 (strain ATCC BAA-595 / MGAS315) OX	DnaK	Molecular chaperonne DnaK	5e-284	938.1
sp|P0DB71|DNAK_STRPQ	Chaperone protein DnaK OS=Streptococcus pyogenes serotype M3 (strain SSI-1) OX=193567 GN=dnaK P	DnaK	Molecular chaperonne DnaK	5e-284	938.1
sp|Q05558|DNAK_STRCO	Chaperone protein DnaK OS=Streptomyces coelicolor (strain ATCC BAA-471 / A3(2) / M145) OX=10022	DnaK	Molecular chaperonne DnaK	4.4e-280	925.0
sp|O52960|DNAK_APHHA	Chaperone protein DnaK OS=Aphanothece halophytica OX=72020 GN=dnaK PE=2 SV=1	DnaK	Molecular chaperonne DnaK	1.6e-275	910.0
sp|P0A2I3|GYRB_SALTY	DNA gyrase subunit B OS=Salmonella typhimurium (strain LT2 / SGSC1412 / ATCC 700720) OX=99287 G	GyrB	DNA topoisomerase (ATP-hydrolyzing) subunit B	0.0	1076.3
sp|O84193|GYRB_CHLTR	DNA gyrase subunit B OS=Chlamydia trachomatis (strain D/UW-3/Cx) OX=272561 GN=gyrB PE=3 SV=1	GyrB	DNA topoisomerase (ATP-hydrolyzing) subunit B	0.0	1069.6
sp|Q9X3Y6|GYRB_BACAN	DNA gyrase subunit B OS=Bacillus anthracis OX=1392 GN=gyrB PE=3 SV=2	GyrB	DNA topoisomerase (ATP-hydrolyzing) subunit B	0.0	1039.0
sp|Q4UKX5|GYRB_RICFE	DNA gyrase subunit B OS=Rickettsia felis (strain ATCC VR-1525 / URRWXCal2) OX=315456 GN=gyrB PE	GyrB	DNA topoisomerase (ATP-hydrolyzing) subunit B	0.0	1033.9
sp|P22447|GYRB_MYCPN	DNA gyrase subunit B OS=Mycoplasma pneumoniae (strain ATCC 29342 / M129) OX=272634 GN=gyrB PE=1	GyrB	DNA topoisomerase (ATP-hydrolyzing) subunit B	0.0	1031.6
sp|P47249|GYRB_MYCGE	DNA gyrase subunit B OS=Mycoplasma genitalium (strain ATCC 33530 / G-37 / NCTC 10195) OX=243273	GyrB	DNA topoisomerase (ATP-hydrolyzing) subunit B	0.0	1025.2
sp|O08399|GYRB_TREPA	DNA gyrase subunit B OS=Treponema pallidum (strain Nichols) OX=243276 GN=gyrB PE=1 SV=1	GyrB	DNA topoisomerase (ATP-hydrolyzing) subunit B	0.0	1024.8
sp|P9WG44|GYRB_MYCTO	DNA gyrase subunit B OS=Mycobacterium tuberculosis (strain CDC 1551 / Oshkosh) OX=83331 GN=gyrB	GyrB	DNA topoisomerase (ATP-hydrolyzing) subunit B	6.2e-305	1007.7
sp|P9WG45|GYRB_MYCTU	DNA gyrase subunit B OS=Mycobacterium tuberculosis (strain ATCC 25618 / H37Rv) OX=83332 GN=gyrB	GyrB	DNA topoisomerase (ATP-hydrolyzing) subunit B	6.2e-305	1007.7
sp|P77966|GYRB_SYNY3	DNA gyrase subunit B OS=Synechocystis sp. (strain PCC 6803 / Kazusa) OX=1111708 GN=gyrB PE=3 SV	GyrB	DNA topoisomerase (ATP-hydrolyzing) subunit B	1.2e-303	1003.5
sp|A0QNE0|GYRB_MYCS2	DNA gyrase subunit B OS=Mycolicibacterium smegmatis (strain ATCC 700084 / mc(2)155) OX=246196 G	GyrB	DNA topoisomerase (ATP-hydrolyzing) subunit B	2.7e-303	1002.3
sp|Q5HK03|GYRB_STAEQ	DNA gyrase subunit B OS=Staphylococcus epidermidis (strain ATCC 35984 / RP62A) OX=176279 GN=gyr	GyrB	DNA topoisomerase (ATP-hydrolyzing) subunit B	1.3e-301	996.8
sp|Q8CQK4|GYRB_STAES	DNA gyrase subunit B OS=Staphylococcus epidermidis (strain ATCC 12228 / FDA PCI 1200) OX=176280	GyrB	DNA topoisomerase (ATP-hydrolyzing) subunit B	1.3e-301	996.8
sp|Q9L7L3|GYRB_MYCPA	DNA gyrase subunit B OS=Mycolicibacterium paratuberculosis (strain ATCC BAA-968 / K-10) OX=2623	GyrB	DNA topoisomerase (ATP-hydrolyzing) subunit B	1.8e-301	996.3
sp|Q6GD85|GYRB_STAAS	DNA gyrase subunit B OS=Staphylococcus aureus (strain MSSA476) OX=282459 GN=gyrB PE=3 SV=3	GyrB	DNA topoisomerase (ATP-hydrolyzing) subunit B	4.6e-300	991.6
sp|P66937|GYRB_STAAN	DNA gyrase subunit B OS=Staphylococcus aureus (strain N315) OX=158879 GN=gyrB PE=1 SV=2	GyrB	DNA topoisomerase (ATP-hydrolyzing) subunit B	5.3e-300	991.4
sp|P0A4M0|GYRB_STRR6	DNA gyrase subunit B OS=Streptococcus pneumoniae (strain ATCC BAA-255 / R6) OX=171101 GN=gyrB P	GyrB	DNA topoisomerase (ATP-hydrolyzing) subunit B	4.5e-297	981.8
sp|P29435|GYRB_BUCAP	DNA gyrase subunit B OS=Buchnera aphidicola subsp. Schizaphis graminum (strain Sg) OX=198804 GN	GyrB	DNA topoisomerase (ATP-hydrolyzing) subunit B	9.1e-297	980.8
sp|Q5XD05|GYRB_STRP6	DNA gyrase subunit B OS=Streptococcus pyogenes serotype M6 (strain ATCC BAA-946 / MGAS10394) OX	GyrB	DNA topoisomerase (ATP-hydrolyzing) subunit B	1.6e-296	980.0
sp|P35886|GYRB_STRCO	DNA gyrase subunit B OS=Streptomyces coelicolor (strain ATCC BAA-471 / A3(2) / M145) OX=100226	GyrB	DNA topoisomerase (ATP-hydrolyzing) subunit B	2.3e-287	949.7
sp|P16971|RECA_BACSU	Protein RecA OS=Bacillus subtilis (strain 168) OX=224308 GN=recA PE=1 SV=2	RecA	recombinase RecA	1.5e-178	587.8
sp|P27865|RECA_RHIME	Protein RecA OS=Rhizobium meliloti (strain 1021) OX=266834 GN=recA PE=3 SV=1	RecA	recombinase RecA	1.5e-175	577.9
sp|P24074|RECA_RHILV	Protein RecA OS=Rhizobium leguminosarum bv. viciae OX=387 GN=recA PE=3 SV=1	RecA	recombinase RecA	2.3e-175	577.4
sp|A0AIK0|RECA_LISW6	Protein RecA OS=Listeria welshimeri serovar 6b (strain ATCC 35897 / DSM 20650 / CIP 8149 / NCTC	RecA	recombinase RecA	1.6e-174	574.6
sp|P0A7G9|RECA_SHIFL	Protein RecA OS=Shigella flexneri OX=623 GN=recA PE=3 SV=2	RecA	recombinase RecA	1.7e-174	574.5
sp|P0DJP0|RECA_LISMO	Protein RecA OS=Listeria monocytogenes serovar 1/2a (strain ATCC BAA-679 / EGD-e) OX=169963 GN=	RecA	recombinase RecA	3e-174	573.7
sp|P21152|RECA_NEIGO	Protein RecA OS=Neisseria gonorrhoeae OX=485 GN=recA PE=3 SV=2	RecA	recombinase RecA	5e-174	572.9
sp|P65977|RECA_SALTY	Protein RecA OS=Salmonella typhimurium (strain LT2 / SGSC1412 / ATCC 700720) OX=99287 GN=recA P	RecA	recombinase RecA	5e-174	572.9
sp|Q59717|RECA_PRER2	Protein RecA OS=Prevotella ruminicola (strain ATCC 19189 / JCM 8958 / 23) OX=264731 GN=recA PE=	RecA	recombinase RecA	2.5e-173	570.7
sp|P94190|RECA_AERS4	Protein RecA OS=Aeromonas salmonicida (strain A449) OX=382245 GN=recA PE=3 SV=2	RecA	recombinase RecA	5.1e-173	569.6
sp|P24542|RECA_METCL	Protein RecA OS=Methylomonas clara OX=417 GN=recA PE=3 SV=1	RecA	recombinase RecA	1.7e-172	567.9
sp|Q8CPF4|RECA_STAES	Protein RecA OS=Staphylococcus epidermidis (strain ATCC 12228 / FDA PCI 1200) OX=176280 GN=recA	RecA	recombinase RecA	6.2e-172	566.1
sp|B0B8M5|RECA_CHLT2	Protein RecA OS=Chlamydia trachomatis serovar L2 (strain 434/Bu / ATCC VR-902B) OX=471472 GN=re	RecA	recombinase RecA	3.4e-169	557.1
sp|Q9RDU0|RECA_PSETO	Protein RecA OS=Pseudomonas tolaasii OX=29442 GN=recA PE=3 SV=1	RecA	recombinase RecA	4.1e-169	556.8
sp|Q8RFY0|RECA_FUSNN	Protein RecA OS=Fusobacterium nucleatum subsp. nucleatum (strain ATCC 25586 / DSM 15643 / BCRC	RecA	recombinase RecA	3.3e-168	553.8
sp|A5VIW7|RECA_LIMRD	Protein RecA OS=Limosilactobacillus reuteri (strain DSM 20016) OX=557436 GN=recA PE=3 SV=1	RecA	recombinase RecA	2.3e-167	551.0
sp|Q5FL82|RECA_LACAC	Protein RecA OS=Lactobacillus acidophilus (strain ATCC 700396 / NCK56 / N2 / NCFM) OX=272621 GN	RecA	recombinase RecA	3e-167	550.7
sp|P42443|RECA_DEIRA	Protein RecA OS=Deinococcus radiodurans (strain ATCC 13939 / DSM 20539 / JCM 16871 / LMG 4051 /	RecA	recombinase RecA	2.4e-166	547.7
sp|Q60101|RECA_XANCP	Protein RecA OS=Xanthomonas campestris pv. campestris (strain ATCC 33913 / DSM 3586 / NCPPB 528	RecA	recombinase RecA	1.1e-165	545.5
sp|O30633|RECA_XANOR	Protein RecA OS=Xanthomonas oryzae pv. oryzae (strain KACC10331 / KXO85) OX=291331 GN=recA PE=3	RecA	recombinase RecA	3.3e-165	544.0
sp|P35901|RECA_MYCLE	Protein RecA OS=Mycobacterium leprae (strain TN) OX=272631 GN=recA PE=3 SV=1	RecA	recombinase RecA	1.7e-164	541.6
sp|P0C096|RECA_STRPZ	Protein RecA OS=Streptococcus pyogenes serotype M49 (strain NZ131) OX=471876 GN=recA PE=3 SV=2	RecA	recombinase RecA	1.5e-162	535.2
sp|Q7UZU3|RECA_PROMP	Protein RecA OS=Prochlorococcus marinus subsp. pastoris (strain CCMP1986 / NIES-2087 / MED4) OX	RecA	recombinase RecA	6.7e-162	533.1
sp|P14582|RECA_SYNP2	Protein RecA OS=Synechococcus sp. (strain ATCC 27264 / PCC 7002 / PR-6) OX=32049 GN=recA PE=3 S	RecA	recombinase RecA	2e-160	528.2
sp|P0C2U4|RECA_LACLA	Protein RecA, chromosomal OS=Lactococcus lactis subsp. lactis (strain IL1403) OX=272623 GN=recA	RecA	recombinase RecA	1.5e-158	522.1
sp|A1AIF9|RPOB_ECOK1	DNA-directed RNA polymerase subunit beta OS=Escherichia coli O1:K1 / APEC OX=405955 GN=rpoB PE=	rpoB	DNA-directed RNA polymerase subunit beta	0.0	1983.9
sp|P0A8V2|RPOB_ECOLI	DNA-directed RNA polymerase subunit beta OS=Escherichia coli (strain K12) OX=83333 GN=rpoB PE=1	rpoB	DNA-directed RNA polymerase subunit beta	0.0	1983.9
sp|O86094|RPOB_LEGPN	DNA-directed RNA polymerase subunit beta OS=Legionella pneumophila OX=446 GN=rpoB PE=3 SV=1	rpoB	DNA-directed RNA polymerase subunit beta	0.0	1904.4
sp|P37870|RPOB_BACSU	DNA-directed RNA polymerase subunit beta OS=Bacillus subtilis (strain 168) OX=224308 GN=rpoB PE	rpoB	DNA-directed RNA polymerase subunit beta	0.0	1847.8
sp|A0R8H2|RPOB_BACAH	DNA-directed RNA polymerase subunit beta OS=Bacillus thuringiensis (strain Al Hakam) OX=412694	rpoB	DNA-directed RNA polymerase subunit beta	0.0	1828.4
sp|C1ET31|RPOB_BACC3	DNA-directed RNA polymerase subunit beta OS=Bacillus cereus (strain 03BB102) OX=572264 GN=rpoB	rpoB	DNA-directed RNA polymerase subunit beta	0.0	1828.4
sp|B7HJ40|RPOB_BACC4	DNA-directed RNA polymerase subunit beta OS=Bacillus cereus (strain B4264) OX=405532 GN=rpoB PE	rpoB	DNA-directed RNA polymerase subunit beta	0.0	1828.3
sp|Q250P0|RPOB_DESHY	DNA-directed RNA polymerase subunit beta OS=Desulfitobacterium hafniense (strain Y51) OX=138119	rpoB	DNA-directed RNA polymerase subunit beta	0.0	1825.4
sp|O52271|RPOB_RICPR	DNA-directed RNA polymerase subunit beta OS=Rickettsia prowazekii (strain Madrid E) OX=272947 G	rpoB	DNA-directed RNA polymerase subunit beta	0.0	1819.6
sp|P77941|RPOB_RICTY	DNA-directed RNA polymerase subunit beta OS=Rickettsia typhi (strain ATCC VR-144 / Wilmington)	rpoB	DNA-directed RNA polymerase subunit beta	0.0	1812.8
sp|Q9RLT9|RPOB_LISMO	DNA-directed RNA polymerase subunit beta OS=Listeria monocytogenes serovar 1/2a (strain ATCC BA	rpoB	DNA-directed RNA polymerase subunit beta	0.0	1805.8
sp|Q9L0L0|RPOB_STRCO	DNA-directed RNA polymerase subunit beta OS=Streptomyces coelicolor (strain ATCC BAA-471 / A3(2	rpoB	DNA-directed RNA polymerase subunit beta	0.0	1803.4
sp|P47768|RPOB_STAA8	DNA-directed RNA polymerase subunit beta OS=Staphylococcus aureus (strain NCTC 8325 / PS 47) OX	rpoB	DNA-directed RNA polymerase subunit beta	0.0	1788.4
sp|Q8CQ84|RPOB_STAES	DNA-directed RNA polymerase subunit beta OS=Staphylococcus epidermidis (strain ATCC 12228 / FDA	rpoB	DNA-directed RNA polymerase subunit beta	0.0	1788.1
sp|Q8DL55|RPOB_THEVB	DNA-directed RNA polymerase subunit beta OS=Thermosynechococcus vestitus (strain IAM M-273 / NI	rpoB	DNA-directed RNA polymerase subunit beta	0.0	1785.0
sp|Q727C7|RPOB_DESVH	DNA-directed RNA polymerase subunit beta OS=Desulfovibrio vulgaris (strain ATCC 29579 / DSM 644	rpoB	DNA-directed RNA polymerase subunit beta	0.0	1782.5
sp|A6TWJ0|RPOB_ALKMQ	DNA-directed RNA polymerase subunit beta OS=Alkaliphilus metalliredigens (strain QYMF) OX=29382	rpoB	DNA-directed RNA polymerase subunit beta	0.0	1769.6
sp|P60281|RPOB_MYCS2	DNA-directed RNA polymerase subunit beta OS=Mycolicibacterium smegmatis (strain ATCC 700084 / m	rpoB	DNA-directed RNA polymerase subunit beta	0.0	1731.9
sp|A0QL49|RPOB_MYCA1	DNA-directed RNA polymerase subunit beta OS=Mycobacterium avium (strain 104) OX=243243 GN=rpoB	rpoB	DNA-directed RNA polymerase subunit beta	0.0	1731.6
sp|Q73SE4|RPOB_MYCPA	DNA-directed RNA polymerase subunit beta OS=Mycolicibacterium paratuberculosis (strain ATCC BAA	rpoB	DNA-directed RNA polymerase subunit beta	0.0	1731.6
sp|P30760|RPOB_MYCLE	DNA-directed RNA polymerase subunit beta OS=Mycobacterium leprae (strain TN) OX=272631 GN=rpoB	rpoB	DNA-directed RNA polymerase subunit beta	0.0	1724.4
sp|P9WGY9|RPOB_MYCTU	DNA-directed RNA polymerase subunit beta OS=Mycobacterium tuberculosis (strain ATCC 25618 / H37	rpoB	DNA-directed RNA polymerase subunit beta	0.0	1719.2
sp|Q2JJ19|RPOB_SYNJB	DNA-directed RNA polymerase subunit beta OS=Synechococcus sp. (strain JA-2-3B'a(2-13)) OX=32133	rpoB	DNA-directed RNA polymerase subunit beta	0.0	1709.1
sp|Q03EA9|RPOB_PEDPA	DNA-directed RNA polymerase subunit beta OS=Pediococcus pentosaceus (strain ATCC 25745 / CCUG 2	rpoB	DNA-directed RNA polymerase subunit beta	0.0	1683.2
sp|Q1GBM5|RPOB_LACDA	DNA-directed RNA polymerase subunit beta OS=Lactobacillus delbrueckii subsp. bulgaricus (strain	rpoB	DNA-directed RNA polymerase subunit beta	0.0	1671.3
sp|Q04C22|RPOB_LACDB	DNA-directed RNA polymerase subunit beta OS=Lactobacillus delbrueckii subsp. bulgaricus (strain	rpoB	DNA-directed RNA polymerase subunit beta	0.0	1671.0
sp|Q8RQE9|RPOB_THET8	DNA-directed RNA polymerase subunit beta OS=Thermus thermophilus (strain ATCC 27634 / DSM 579 /	rpoB	DNA-directed RNA polymerase subunit beta	0.0	1475.7
sp|Q9KWU7|RPOB_THEAQ	DNA-directed RNA polymerase subunit beta OS=Thermus aquaticus OX=271 GN=rpoB PE=1 SV=1	rpoB	DNA-directed RNA polymerase subunit beta	0.0	1464.0
sp|Q31W47|IF2_SHIBS	Translation initiation factor IF-2 OS=Shigella boydii serotype 4 (strain Sb227) OX=300268 GN=inf	infB	translation initiation factor IF-2	1.6e-299	989.5
sp|B1XGY0|IF2_ECODH	Translation initiation factor IF-2 OS=Escherichia coli (strain K12 / DH10B) OX=316385 GN=infB PE	infB	translation initiation factor IF-2	1.6e-299	989.5
sp|B7LHN3|IF2_ECO55	Translation initiation factor IF-2 OS=Escherichia coli (strain 55989 / EAEC) OX=585055 GN=infB P	infB	translation initiation factor IF-2	1.6e-299	989.5
sp|B7NKN7|IF2_ECO7I	Translation initiation factor IF-2 OS=Escherichia coli O7:K1 (strain IAI39 / ExPEC) OX=585057 GN	infB	translation initiation factor IF-2	1.6e-299	989.5
sp|C4ZSQ9|IF2_ECOBW	Translation initiation factor IF-2 OS=Escherichia coli (strain K12 / MC4100 / BW2952) OX=595496	infB	translation initiation factor IF-2	1.6e-299	989.5
sp|P0A706|IF2_ECO57	Translation initiation factor IF-2 OS=Escherichia coli O157:H7 OX=83334 GN=infB PE=3 SV=1	infB	translation initiation factor IF-2	1.6e-299	989.5
sp|Q3YX73|IF2_SHISS	Translation initiation factor IF-2 OS=Shigella sonnei (strain Ss046) OX=300269 GN=infB PE=3 SV=1	infB	translation initiation factor IF-2	1.6e-299	989.5
sp|B7LR37|IF2_ESCF3	Translation initiation factor IF-2 OS=Escherichia fergusonii (strain ATCC 35469 / DSM 13698 / CC	infB	translation initiation factor IF-2	2.2e-299	989.1
sp|B7UJ63|IF2_ECO27	Translation initiation factor IF-2 OS=Escherichia coli O127:H6 (strain E2348/69 / EPEC) OX=57452	infB	translation initiation factor IF-2	2.3e-299	989.0
sp|Q0TCU1|IF2_ECOL5	Translation initiation factor IF-2 OS=Escherichia coli O6:K15:H31 (strain 536 / UPEC) OX=362663	infB	translation initiation factor IF-2	2.3e-299	989.0
sp|Q9ZF31|IF2_SALTY	Translation initiation factor IF-2 OS=Salmonella typhimurium (strain LT2 / SGSC1412 / ATCC 70072	infB	translation initiation factor IF-2	3.6e-299	988.4
sp|Q9ZF28|IF2_KLEOX	Translation initiation factor IF-2 OS=Klebsiella oxytoca OX=571 GN=infB PE=3 SV=1	infB	translation initiation factor IF-2	1.4e-297	983.2
sp|A0RHI4|IF2_BACAH	Translation initiation factor IF-2 OS=Bacillus thuringiensis (strain Al Hakam) OX=412694 GN=infB	infB	translation initiation factor IF-2	3.4e-282	932.3
sp|Q83BS1|IF2_COXBU	Translation initiation factor IF-2 OS=Coxiella burnetii (strain RSA 493 / Nine Mile phase I) OX=	infB	translation initiation factor IF-2	9e-265	874.8
sp|B7KIU2|IF2_GLOC7	Translation initiation factor IF-2 OS=Gloeothece citriformis (strain PCC 7424) OX=65393 GN=infB	infB	translation initiation factor IF-2	2.4e-264	873.4
sp|Q8DQV2|IF2_STRR6	Translation initiation factor IF-2 OS=Streptococcus pneumoniae (strain ATCC BAA-255 / R6) OX=171	infB	translation initiation factor IF-2	7.1e-249	822.3
sp|Q72NX3|IF2_LEPIC	Translation initiation factor IF-2 OS=Leptospira interrogans serogroup Icterohaemorrhagiae serov	infB	translation initiation factor IF-2	1.1e-248	821.6
sp|A6WWW5|IF2_BRUA4	Translation initiation factor IF-2 OS=Brucella anthropi (strain ATCC 49188 / DSM 6882 / CCUG 246	infB	translation initiation factor IF-2	2.8e-243	803.8
sp|Q9AC25|IF2_CAUVC	Translation initiation factor IF-2 OS=Caulobacter vibrioides (strain ATCC 19089 / CB15) OX=19065	infB	translation initiation factor IF-2	5.4e-237	783.1
sp|Q8CJQ8|IF2_STRCO	Translation initiation factor IF-2 OS=Streptomyces coelicolor (strain ATCC BAA-471 / A3(2) / M14	infB	translation initiation factor IF-2	4.1e-229	757.1
sp|Q9Z5I9|IF2_MYCLE	Translation initiation factor IF-2 OS=Mycobacterium leprae (strain TN) OX=272631 GN=infB PE=3 SV	infB	translation initiation factor IF-2	1.4e-221	732.2
sp|Q7URR0|IF2_RHOBA	Translation initiation factor IF-2 OS=Rhodopirellula baltica (strain DSM 10527 / NCIMB 13988 / S	infB	translation initiation factor IF-2	8.5e-213	703.2
sp|P48515|IF2_THET8	Translation initiation factor IF-2 OS=Thermus thermophilus (strain ATCC 27634 / DSM 579 / HB8) O	infB	translation initiation factor IF-2	3.6e-209	691.2
sp|Q2GGQ8|IF2_EHRCR	Translation initiation factor IF-2 OS=Ehrlichia chaffeensis (strain ATCC CRL-10679 / Arkansas) O	infB	translation initiation factor IF-2	6.1e-200	660.7
sp|P0ABB4|ATPB_ECOLI	ATP synthase subunit beta OS=Escherichia coli (strain K12) OX=83333 GN=atpD PE=1 SV=2	atpD	F0F1 ATP synthase subunit beta	3e-265	875.0
sp|Q4UK18|ATPB_RICFE	ATP synthase subunit beta OS=Rickettsia felis (strain ATCC VR-1525 / URRWXCal2) OX=315456 GN=at	atpD	F0F1 ATP synthase subunit beta	2.9e-258	851.9
sp|Q24MP1|ATPB_DESHY	ATP synthase subunit beta OS=Desulfitobacterium hafniense (strain Y51) OX=138119 GN=atpD PE=3 S	atpD	F0F1 ATP synthase subunit beta	5e-257	847.9
sp|Q2JX57|ATPB_SYNJA	ATP synthase subunit beta OS=Synechococcus sp. (strain JA-3-3Ab) OX=321327 GN=atpD PE=3 SV=1	atpD	F0F1 ATP synthase subunit beta	1.6e-256	846.2
sp|P06540|ATPB_NOSS1	ATP synthase subunit beta OS=Nostoc sp. (strain PCC 7120 / SAG 25.82 / UTEX 2576) OX=103690 GN=	atpD	F0F1 ATP synthase subunit beta	3.9e-254	838.3
sp|B7K2R8|ATPB_RIPO1	ATP synthase subunit beta OS=Rippkaea orientalis (strain PCC 8801) OX=41431 GN=atpD PE=3 SV=1	atpD	F0F1 ATP synthase subunit beta	5.1e-254	838.0
sp|P12986|ATPB_VIBAL	ATP synthase subunit beta OS=Vibrio alginolyticus OX=663 GN=atpD PE=1 SV=3	atpD	F0F1 ATP synthase subunit beta	5e-250	824.8
sp|B0JFM7|ATPB_MICAN	ATP synthase subunit beta OS=Microcystis aeruginosa (strain NIES-843) OX=449447 GN=atpD PE=3 SV	atpD	F0F1 ATP synthase subunit beta	5.3e-250	824.7
sp|Q3AZK5|ATPB_SYNS9	ATP synthase subunit beta OS=Synechococcus sp. (strain CC9902) OX=316279 GN=atpD PE=3 SV=1	atpD	F0F1 ATP synthase subunit beta	2.6e-249	822.4
sp|P9WPU5|ATPB_MYCTU	ATP synthase subunit beta OS=Mycobacterium tuberculosis (strain ATCC 25618 / H37Rv) OX=83332 GN	atpD	F0F1 ATP synthase subunit beta	4.2e-249	821.7
sp|Q38WK5|ATPB_LATSS	ATP synthase subunit beta OS=Latilactobacillus sakei subsp. sakei (strain 23K) OX=314315 GN=atp	atpD	F0F1 ATP synthase subunit beta	8.3e-249	820.8
sp|Q9KNH5|ATPB_VIBCH	ATP synthase subunit beta OS=Vibrio cholerae serotype O1 (strain ATCC 39315 / El Tor Inaba N169	atpD	F0F1 ATP synthase subunit beta	1.8e-248	819.6
sp|A9IYW6|ATPB_BART1	ATP synthase subunit beta OS=Bartonella tribocorum (strain CIP 105476 / IBS 506) OX=382640 GN=a	atpD	F0F1 ATP synthase subunit beta	3.2e-248	818.8
sp|Q7V049|ATPB_PROMP	ATP synthase subunit beta OS=Prochlorococcus marinus subsp. pastoris (strain CCMP1986 / NIES-20	atpD	F0F1 ATP synthase subunit beta	5.6e-248	818.0
sp|Q6MAK7|ATPB_PARUW	ATP synthase subunit beta OS=Protochlamydia amoebophila (strain UWE25) OX=264201 GN=atpD PE=3 S	atpD	F0F1 ATP synthase subunit beta	2.3e-247	816.0
sp|Q6G1W9|ATPB_BARHE	ATP synthase subunit beta OS=Bartonella henselae (strain ATCC 49882 / DSM 28221 / Houston 1) OX	atpD	F0F1 ATP synthase subunit beta	3e-247	815.6
sp|A0R200|ATPB_MYCS2	ATP synthase subunit beta OS=Mycolicibacterium smegmatis (strain ATCC 700084 / mc(2)155) OX=246	atpD	F0F1 ATP synthase subunit beta	4.1e-247	815.2
sp|Q73X59|ATPB_MYCPA	ATP synthase subunit beta OS=Mycolicibacterium paratuberculosis (strain ATCC BAA-968 / K-10) OX	atpD	F0F1 ATP synthase subunit beta	1.1e-246	813.8
sp|Q0RDB4|ATPB_FRAAA	ATP synthase subunit beta OS=Frankia alni (strain ACN14a) OX=326424 GN=atpD PE=3 SV=2	atpD	F0F1 ATP synthase subunit beta	7e-246	811.1
sp|Q5GRU7|ATPB_WOLTR	ATP synthase subunit beta OS=Wolbachia sp. subsp. Brugia malayi (strain TRS) OX=292805 GN=atpD	atpD	F0F1 ATP synthase subunit beta	1.3e-245	810.2
sp|Q5FGY3|ATPB_EHRRG	ATP synthase subunit beta OS=Ehrlichia ruminantium (strain Gardel) OX=302409 GN=atpD PE=3 SV=2	atpD	F0F1 ATP synthase subunit beta	6.4e-242	798.1
sp|Q5HB71|ATPB_EHRRW	ATP synthase subunit beta OS=Ehrlichia ruminantium (strain Welgevonden) OX=254945 GN=atpD PE=3	atpD	F0F1 ATP synthase subunit beta	6.4e-242	798.1
sp|P0A301|ATPB_STRLI	ATP synthase subunit beta OS=Streptomyces lividans OX=1916 GN=atpD PE=1 SV=2	atpD	F0F1 ATP synthase subunit beta	1.3e-237	783.9
sp|A1R7V3|ATPB_PAEAT	ATP synthase subunit beta OS=Paenarthrobacter aurescens (strain TC1) OX=290340 GN=atpD PE=3 SV=	atpD	F0F1 ATP synthase subunit beta	9.4e-237	781.0
sp|P48212|CH60_ACET2	Chaperonin GroEL OS=Acetivibrio thermocellus (strain ATCC 27405 / DSM 1237 / JCM 9322 / NBRC 10	GroEL	chaperonin GroEL	2.1e-260	859.6
sp|Q9Z462|CH60_PARDE	Chaperonin GroEL OS=Paracoccus denitrificans OX=266 GN=groEL PE=1 SV=2	GroEL	chaperonin GroEL	2.5e-260	859.3
sp|Q4MPR6|CH60_BACCE	Chaperonin GroEL OS=Bacillus cereus OX=1396 GN=groEL PE=1 SV=3	GroEL	chaperonin GroEL	9.6e-260	857.3
sp|P35635|CH60_BARBA	Chaperonin GroEL OS=Bartonella bacilliformis OX=774 GN=groEL PE=1 SV=2	GroEL	chaperonin GroEL	2.4e-259	856.0
sp|Q5SLM2|CH60_THET8	Chaperonin GroEL OS=Thermus thermophilus (strain ATCC 27634 / DSM 579 / HB8) OX=300852 GN=groEL	GroEL	chaperonin GroEL	3.1e-258	852.4
sp|P61438|CH60_LEPIC	Chaperonin GroEL OS=Leptospira interrogans serogroup Icterohaemorrhagiae serovar copenhageni (s	GroEL	chaperonin GroEL	2.3e-257	849.5
sp|Q5ZXP3|CH60_LEGPH	Chaperonin GroEL OS=Legionella pneumophila subsp. pneumophila (strain Philadelphia 1 / ATCC 331	GroEL	chaperonin GroEL	3.1e-256	845.8
sp|P43733|CH60_HAEIN	Chaperonin GroEL OS=Haemophilus influenzae (strain ATCC 51907 / DSM 11121 / KW20 / Rd) OX=71421	GroEL	chaperonin GroEL	4.2e-256	845.3
sp|Q59322|CH60_CHLMU	Chaperonin GroEL OS=Chlamydia muridarum (strain MoPn / Nigg) OX=243161 GN=groEL PE=2 SV=3	GroEL	chaperonin GroEL	1.3e-255	843.7
sp|Q9KKF0|CH60_CLODI	Chaperonin GroEL OS=Clostridioides difficile OX=1496 GN=groEL PE=3 SV=1	GroEL	chaperonin GroEL	6.8e-254	838.0
sp|Q5X9L8|CH60_STRP6	Chaperonin GroEL OS=Streptococcus pyogenes serotype M6 (strain ATCC BAA-946 / MGAS10394) OX=286	GroEL	chaperonin GroEL	2.9e-252	832.7
sp|P37282|CH60_LACLA	Chaperonin GroEL OS=Lactococcus lactis subsp. lactis (strain IL1403) OX=272623 GN=groEL PE=3 SV	GroEL	chaperonin GroEL	1.2e-249	824.0
sp|P26194|CH60_TATMI	Chaperonin GroEL OS=Tatlockia micdadei OX=451 GN=groEL PE=2 SV=1	GroEL	chaperonin GroEL	5.5e-246	811.9
sp|P47335|EFG_MYCGE	Elongation factor G OS=Mycoplasma genitalium (strain ATCC 33530 / G-37 / NCTC 10195) OX=243273 G	fusA	Elongation factor G	0.0	1310.8
sp|A7ZSL5|EFG_ECO24	Elongation factor G OS=Escherichia coli O139:H28 (strain E24377A / ETEC) OX=331111 GN=fusA PE=3	fusA	Elongation factor G	0.0	1293.5
sp|B1X6J0|EFG_ECODH	Elongation factor G OS=Escherichia coli (strain K12 / DH10B) OX=316385 GN=fusA PE=3 SV=1	fusA	Elongation factor G	0.0	1293.5
sp|B6I240|EFG_ECOSE	Elongation factor G OS=Escherichia coli (strain SE11) OX=409438 GN=fusA PE=3 SV=1	fusA	Elongation factor G	0.0	1293.5
sp|B7N0X6|EFG_ECO81	Elongation factor G OS=Escherichia coli O81 (strain ED1a) OX=585397 GN=fusA PE=3 SV=1	fusA	Elongation factor G	0.0	1293.5
sp|B7NLP5|EFG_ECO7I	Elongation factor G OS=Escherichia coli O7:K1 (strain IAI39 / ExPEC) OX=585057 GN=fusA PE=3 SV=1	fusA	Elongation factor G	0.0	1293.5
sp|P0A6M9|EFG_ECOL6	Elongation factor G OS=Escherichia coli O6:H1 (strain CFT073 / ATCC 700928 / UPEC) OX=199310 GN=	fusA	Elongation factor G	0.0	1293.5
sp|P0A6N0|EFG_ECO57	Elongation factor G OS=Escherichia coli O157:H7 OX=83334 GN=fusA PE=3 SV=2	fusA	Elongation factor G	0.0	1293.5
sp|Q0SZX7|EFG_SHIF8	Elongation factor G OS=Shigella flexneri serotype 5b (strain 8401) OX=373384 GN=fusA PE=3 SV=1	fusA	Elongation factor G	0.0	1293.2
sp|P0A1H3|EFG_SALTY	Elongation factor G OS=Salmonella typhimurium (strain LT2 / SGSC1412 / ATCC 700720) OX=99287 GN=	fusA	Elongation factor G	0.0	1285.9
sp|Q8Y421|EFG_LISMO	Elongation factor G OS=Listeria monocytogenes serovar 1/2a (strain ATCC BAA-679 / EGD-e) OX=1699	fusA	Elongation factor G	0.0	1250.2
sp|Q8XV10|EFG1_RALSO	Elongation factor G 1 OS=Ralstonia solanacearum (strain GMI1000) OX=267608 GN=fusA PE=3 SV=1	fusA	Elongation factor G	0.0	1213.4
sp|P68788|EFG_STAAM	Elongation factor G OS=Staphylococcus aureus (strain Mu50 / ATCC 700699) OX=158878 GN=fusA PE=3	fusA	Elongation factor G	0.0	1208.0
sp|Q2G0N1|EFG_STAA8	Elongation factor G OS=Staphylococcus aureus (strain NCTC 8325 / PS 47) OX=93061 GN=fusA PE=1 SV	fusA	Elongation factor G	0.0	1208.0
sp|Q6GJC1|EFG_STAAR	Elongation factor G OS=Staphylococcus aureus (strain MRSA252) OX=282458 GN=fusA PE=3 SV=3	fusA	Elongation factor G	0.0	1208.0
sp|A9NAM1|EFG_COXBR	Elongation factor G OS=Coxiella burnetii (strain RSA 331 / Henzerling II) OX=360115 GN=fusA PE=3	fusA	Elongation factor G	0.0	1206.7
sp|Q83ES7|EFG_COXBU	Elongation factor G OS=Coxiella burnetii (strain RSA 493 / Nine Mile phase I) OX=227377 GN=fusA	fusA	Elongation factor G	0.0	1206.7
sp|Q8EK71|EFG1_SHEON	Elongation factor G 1 OS=Shewanella oneidensis (strain MR-1) OX=211586 GN=fusA PE=3 SV=1	fusA	Elongation factor G	0.0	1198.8
sp|P69948|EFG_STRP8	Elongation factor G OS=Streptococcus pyogenes serotype M18 (strain MGAS8232) OX=186103 GN=fus PE	fusA	Elongation factor G	0.0	1194.9
sp|Q9K1I8|EFG_NEIMB	Elongation factor G OS=Neisseria meningitidis serogroup B (strain MC58) OX=122586 GN=fusA PE=1 S	fusA	Elongation factor G	0.0	1184.6
sp|O30913|EFG1_BORBU	Elongation factor G 1 OS=Borreliella burgdorferi (strain ATCC 35210 / DSM 4680 / CIP 102532 / B	fusA	Elongation factor G	0.0	1169.4
sp|Q8PNS6|EFG_XANAC	Elongation factor G OS=Xanthomonas axonopodis pv. citri (strain 306) OX=190486 GN=fusA PE=3 SV=1	fusA	Elongation factor G	0.0	1169.1
sp|Q8D3H2|EFG_WIGBR	Elongation factor G OS=Wigglesworthia glossinidia brevipalpis OX=36870 GN=fusA PE=3 SV=1	fusA	Elongation factor G	0.0	1145.6
sp|P9WNM7|EFG_MYCTU	Elongation factor G OS=Mycobacterium tuberculosis (strain ATCC 25618 / H37Rv) OX=83332 GN=fusA P	fusA	Elongation factor G	0.0	1114.3
sp|Q8NT19|EFG_CORGL	Elongation factor G OS=Corynebacterium glutamicum (strain ATCC 13032 / DSM 20300 / BCRC 11384 /	fusA	Elongation factor G	0.0	1098.8
sp|P40173|EFG1_STRCO	Elongation factor G 1 OS=Streptomyces coelicolor (strain ATCC BAA-471 / A3(2) / M145) OX=100226	fusA	Elongation factor G	0.0	1091.9
sp|B9MRZ5|SYI_CALBD	Isoleucine--tRNA ligase OS=Caldicellulosiruptor bescii (strain ATCC BAA-1888 / DSM 6725 / Z-1320	ileS	isoleucine--tRNA ligase	0.0	1061.0
sp|Q32K71|SYI_SHIDS	Isoleucine--tRNA ligase OS=Shigella dysenteriae serotype 1 (strain Sd197) OX=300267 GN=ileS PE=3	ileS	isoleucine--tRNA ligase	0.0	1056.4
sp|B1IRE9|SYI_ECOLC	Isoleucine--tRNA ligase OS=Escherichia coli (strain ATCC 8739 / DSM 1576 / NBRC 3972 / NCIMB 854	ileS	isoleucine--tRNA ligase	0.0	1055.9
sp|B1XBF1|SYI_ECODH	Isoleucine--tRNA ligase OS=Escherichia coli (strain K12 / DH10B) OX=316385 GN=ileS PE=3 SV=1	ileS	isoleucine--tRNA ligase	0.0	1055.8
sp|C4ZPV2|SYI_ECOBW	Isoleucine--tRNA ligase OS=Escherichia coli (strain K12 / MC4100 / BW2952) OX=595496 GN=ileS PE=	ileS	isoleucine--tRNA ligase	0.0	1055.8
sp|P00956|SYI_ECOLI	Isoleucine--tRNA ligase OS=Escherichia coli (strain K12) OX=83333 GN=ileS PE=1 SV=5	ileS	isoleucine--tRNA ligase	0.0	1055.8
sp|B2U245|SYI_SHIB3	Isoleucine--tRNA ligase OS=Shigella boydii serotype 18 (strain CDC 3083-94 / BS512) OX=344609 GN	ileS	isoleucine--tRNA ligase	0.0	1055.8
sp|B1LFV6|SYI_ECOSM	Isoleucine--tRNA ligase OS=Escherichia coli (strain SMS-3-5 / SECEC) OX=439855 GN=ileS PE=3 SV=1	ileS	isoleucine--tRNA ligase	0.0	1055.5
sp|B5YYB8|SYI_ECO5E	Isoleucine--tRNA ligase OS=Escherichia coli O157:H7 (strain EC4115 / EHEC) OX=444450 GN=ileS PE=	ileS	isoleucine--tRNA ligase	0.0	1054.4
sp|A7ZVX4|SYI_ECOHS	Isoleucine--tRNA ligase OS=Escherichia coli O9:H4 (strain HS) OX=331112 GN=ileS PE=3 SV=1	ileS	isoleucine--tRNA ligase	0.0	1053.5
sp|B7KFT1|SYI_GLOC7	Isoleucine--tRNA ligase OS=Gloeothece citriformis (strain PCC 7424) OX=65393 GN=ileS PE=3 SV=1	ileS	isoleucine--tRNA ligase	0.0	1049.7
sp|Q929Z6|SYI_LISIN	Isoleucine--tRNA ligase OS=Listeria innocua serovar 6a (strain ATCC BAA-680 / CLIP 11262) OX=272	ileS	isoleucine--tRNA ligase	0.0	1042.8
sp|Q8ZRZ0|SYI_SALTY	Isoleucine--tRNA ligase OS=Salmonella typhimurium (strain LT2 / SGSC1412 / ATCC 700720) OX=99287	ileS	isoleucine--tRNA ligase	0.0	1040.5
sp|P56456|SYI_HELPY	Isoleucine--tRNA ligase OS=Helicobacter pylori (strain ATCC 700392 / 26695) OX=85962 GN=ileS PE=	ileS	isoleucine--tRNA ligase	0.0	1038.8
sp|Q9KU47|SYI_VIBCH	Isoleucine--tRNA ligase OS=Vibrio cholerae serotype O1 (strain ATCC 39315 / El Tor Inaba N16961)	ileS	isoleucine--tRNA ligase	1.5e-297	984.3
sp|Q747X9|SYI_GEOSL	Isoleucine--tRNA ligase OS=Geobacter sulfurreducens (strain ATCC 51573 / DSM 12127 / PCA) OX=243	ileS	isoleucine--tRNA ligase	5.6e-294	972.5
sp|Q72JR6|SYI_THET2	Isoleucine--tRNA ligase OS=Thermus thermophilus (strain ATCC BAA-163 / DSM 7039 / HB27) OX=26272	ileS	isoleucine--tRNA ligase	1.5e-289	957.8
sp|P41368|SYI2_STAAU	Isoleucine--tRNA ligase OS=Staphylococcus aureus OX=1280 GN=ileS PE=3 SV=1	ileS	isoleucine--tRNA ligase	4.5e-282	933.1
sp|B2GB86|SYI_LIMF3	Isoleucine--tRNA ligase OS=Limosilactobacillus fermentum (strain NBRC 3956 / LMG 18251) OX=33439	ileS	isoleucine--tRNA ligase	2.9e-281	930.4
sp|Q820M6|SYI_NITEU	Isoleucine--tRNA ligase OS=Nitrosomonas europaea (strain ATCC 19718 / CIP 103999 / KCTC 2705 / N	ileS	isoleucine--tRNA ligase	1.1e-272	902.0
sp|Q46XM7|SYI_CUPPJ	Isoleucine--tRNA ligase OS=Cupriavidus pinatubonensis (strain JMP 134 / LMG 1197) OX=264198 GN=i	ileS	isoleucine--tRNA ligase	2.8e-267	884.1
sp|A9AGN6|SYI_BURM1	Isoleucine--tRNA ligase OS=Burkholderia multivorans (strain ATCC 17616 / 249) OX=395019 GN=ileS	ileS	isoleucine--tRNA ligase	6.4e-266	879.7
sp|Q057X9|SYI_BUCCC	Isoleucine--tRNA ligase OS=Buchnera aphidicola subsp. Cinara cedri (strain Cc) OX=372461 GN=ileS	ileS	isoleucine--tRNA ligase	8.1e-260	859.5
sp|A6SW71|SYI_JANMA	Isoleucine--tRNA ligase OS=Janthinobacterium sp. (strain Marseille) OX=375286 GN=ileS PE=3 SV=1	ileS	isoleucine--tRNA ligase	1.5e-258	855.3
sp|Q83G52|SYI_TROWT	Isoleucine--tRNA ligase OS=Tropheryma whipplei (strain Twist) OX=203267 GN=ileS PE=3 SV=2	ileS	isoleucine--tRNA ligase	4.2e-236	781.0
sp|A3DF29|LEPA_ACET2	Elongation factor 4 OS=Acetivibrio thermocellus (strain ATCC 27405 / DSM 1237 / JCM 9322 / NBRC	lepA	translation elongation factor 4	0.0	1045.2
sp|Q8Y742|LEPA_LISMO	Elongation factor 4 OS=Listeria monocytogenes serovar 1/2a (strain ATCC BAA-679 / EGD-e) OX=169	lepA	translation elongation factor 4	0.0	1043.9
sp|Q92BN4|LEPA_LISIN	Elongation factor 4 OS=Listeria innocua serovar 6a (strain ATCC BAA-680 / CLIP 11262) OX=272626	lepA	translation elongation factor 4	0.0	1042.9
sp|Q9CGI8|LEPA_LACLA	Elongation factor 4 OS=Lactococcus lactis subsp. lactis (strain IL1403) OX=272623 GN=lepA PE=3	lepA	translation elongation factor 4	0.0	1037.9
sp|Q892Q6|LEPA_CLOTE	Elongation factor 4 OS=Clostridium tetani (strain Massachusetts / E88) OX=212717 GN=lepA PE=3 S	lepA	translation elongation factor 4	0.0	1024.1
sp|A0Q1R8|LEPA_CLONN	Elongation factor 4 OS=Clostridium novyi (strain NT) OX=386415 GN=lepA PE=3 SV=1	lepA	translation elongation factor 4	0.0	1021.3
sp|Q7VL73|LEPA_HAEDU	Elongation factor 4 OS=Haemophilus ducreyi (strain 35000HP / ATCC 700724) OX=233412 GN=lepA PE=	lepA	translation elongation factor 4	0.0	1013.7
sp|O51115|LEPA_BORBU	Elongation factor 4 OS=Borreliella burgdorferi (strain ATCC 35210 / DSM 4680 / CIP 102532 / B31	lepA	translation elongation factor 4	1.9e-304	1005.5
sp|Q9PNR1|LEPA_CAMJE	Elongation factor 4 OS=Campylobacter jejuni subsp. jejuni serotype O:2 (strain ATCC 700819 / NC	lepA	translation elongation factor 4	4.4e-304	1004.3
sp|P60785|LEPA_ECOLI	Elongation factor 4 OS=Escherichia coli (strain K12) OX=83333 GN=lepA PE=1 SV=1	lepA	translation elongation factor 4	2.6e-303	1001.7
sp|Q62LT1|LEPA_BURMA	Elongation factor 4 OS=Burkholderia mallei (strain ATCC 23344) OX=243160 GN=lepA PE=3 SV=1	lepA	translation elongation factor 4	1.5e-302	999.2
sp|Q9RV84|LEPA_DEIRA	Elongation factor 4 OS=Deinococcus radiodurans (strain ATCC 13939 / DSM 20539 / JCM 16871 / LMG	lepA	translation elongation factor 4	1.4e-301	996.0
sp|Q8AA33|LEPA_BACTN	Elongation factor 4 OS=Bacteroides thetaiotaomicron (strain ATCC 29148 / DSM 2079 / JCM 5827 /	lepA	translation elongation factor 4	1.2e-299	989.6
sp|P53530|LEPA_MYCLE	Elongation factor 4 OS=Mycobacterium leprae (strain TN) OX=272631 GN=lepA PE=3 SV=1	lepA	translation elongation factor 4	2.6e-298	985.2
sp|Q8YDB8|LEPA_BRUME	Elongation factor 4 OS=Brucella melitensis biotype 1 (strain 16M / ATCC 23456 / NCTC 10094) OX=	lepA	translation elongation factor 4	1.7e-297	982.5
sp|Q5SKA7|LEPA_THET8	Elongation factor 4 OS=Thermus thermophilus (strain ATCC 27634 / DSM 579 / HB8) OX=300852 GN=le	lepA	translation elongation factor 4	5.8e-297	980.8
sp|Q21BS0|LEPA_RHOPB	Elongation factor 4 OS=Rhodopseudomonas palustris (strain BisB18) OX=316056 GN=lepA PE=3 SV=2	lepA	translation elongation factor 4	3.1e-296	978.4
sp|Q9Z8I4|LEPA_CHLPN	Elongation factor 4 OS=Chlamydia pneumoniae OX=83558 GN=lepA PE=3 SV=1	lepA	translation elongation factor 4	2.8e-295	975.2
sp|Q2KWY3|LEPA_BORA1	Elongation factor 4 OS=Bordetella avium (strain 197N) OX=360910 GN=lepA PE=3 SV=1	lepA	translation elongation factor 4	5.6e-295	974.2
sp|Q8UIQ2|LEPA_AGRFC	Elongation factor 4 OS=Agrobacterium fabrum (strain C58 / ATCC 33970) OX=176299 GN=lepA PE=3 SV	lepA	translation elongation factor 4	6e-295	974.1
sp|Q5FUC2|LEPA_GLUOX	Elongation factor 4 OS=Gluconobacter oxydans (strain 621H) OX=290633 GN=lepA PE=3 SV=2	lepA	translation elongation factor 4	1.8e-291	962.7
sp|Q0ATE3|LEPA_MARMM	Elongation factor 4 OS=Maricaulis maris (strain MCS10) OX=394221 GN=lepA PE=3 SV=2	lepA	translation elongation factor 4	3e-291	961.9
sp|C1AUN7|LEPA_RHOOB	Elongation factor 4 OS=Rhodococcus opacus (strain B4) OX=632772 GN=lepA PE=3 SV=1	lepA	translation elongation factor 4	1.1e-290	960.1
sp|B7GRY7|LEPA_BIFLS	Elongation factor 4 OS=Bifidobacterium longum subsp. infantis (strain ATCC 15697 / DSM 20088 /	lepA	translation elongation factor 4	2.9e-286	945.4
sp|P07813|SYL_ECOLI	Leucine--tRNA ligase OS=Escherichia coli (strain K12) OX=83333 GN=leuS PE=1 SV=2	leuS_bact	leucine--tRNA ligase bacteria	0.0	1328.8
sp|A1A8R7|SYL_ECOK1	Leucine--tRNA ligase OS=Escherichia coli O1:K1 / APEC OX=405955 GN=leuS PE=3 SV=2	leuS_bact	leucine--tRNA ligase bacteria	0.0	1327.2
sp|A6WRJ9|SYL_SHEB8	Leucine--tRNA ligase OS=Shewanella baltica (strain OS185) OX=402882 GN=leuS PE=3 SV=2	leuS_bact	leucine--tRNA ligase bacteria	0.0	1255.6
sp|A3D7N6|SYL_SHEB5	Leucine--tRNA ligase OS=Shewanella baltica (strain OS155 / ATCC BAA-1091) OX=325240 GN=leuS PE=3	leuS_bact	leucine--tRNA ligase bacteria	0.0	1254.5
sp|A5F2X0|SYL_VIBC3	Leucine--tRNA ligase OS=Vibrio cholerae serotype O1 (strain ATCC 39541 / Classical Ogawa 395 / O	leuS_bact	leucine--tRNA ligase bacteria	0.0	1252.2
sp|A4IRY3|SYL_GEOTN	Leucine--tRNA ligase OS=Geobacillus thermodenitrificans (strain NG80-2) OX=420246 GN=leuS PE=3 S	leuS_bact	leucine--tRNA ligase bacteria	0.0	1239.3
sp|A8FGG0|SYL_BACP2	Leucine--tRNA ligase OS=Bacillus pumilus (strain SAFR-032) OX=315750 GN=leuS PE=3 SV=2	leuS_bact	leucine--tRNA ligase bacteria	0.0	1239.0
sp|B0C1R1|SYL_ACAM1	Leucine--tRNA ligase OS=Acaryochloris marina (strain MBIC 11017) OX=329726 GN=leuS PE=3 SV=1	leuS_bact	leucine--tRNA ligase bacteria	0.0	1222.0
sp|A1U4A0|SYL_MARN8	Leucine--tRNA ligase OS=Marinobacter nauticus (strain ATCC 700491 / DSM 11845 / VT8) OX=351348 G	leuS_bact	leucine--tRNA ligase bacteria	0.0	1217.1
sp|Q8CNU8|SYL_STAES	Leucine--tRNA ligase OS=Staphylococcus epidermidis (strain ATCC 12228 / FDA PCI 1200) OX=176280	leuS_bact	leucine--tRNA ligase bacteria	0.0	1205.6
sp|A3CKP1|SYL_STRSV	Leucine--tRNA ligase OS=Streptococcus sanguinis (strain SK36) OX=388919 GN=leuS PE=3 SV=2	leuS_bact	leucine--tRNA ligase bacteria	0.0	1195.8
sp|A4W4F3|SYL_STRS2	Leucine--tRNA ligase OS=Streptococcus suis (strain 98HAH33) OX=391296 GN=leuS PE=3 SV=2	leuS_bact	leucine--tRNA ligase bacteria	0.0	1187.1
sp|A4VY58|SYL_STRSY	Leucine--tRNA ligase OS=Streptococcus suis (strain 05ZYH33) OX=391295 GN=leuS PE=3 SV=2	leuS_bact	leucine--tRNA ligase bacteria	0.0	1186.6
sp|P67514|SYL_STRA3	Leucine--tRNA ligase OS=Streptococcus agalactiae serotype III (strain NEM316) OX=211110 GN=leuS	leuS_bact	leucine--tRNA ligase bacteria	0.0	1179.0
sp|Q9A1P0|SYL_STRP1	Leucine--tRNA ligase OS=Streptococcus pyogenes serotype M1 OX=301447 GN=leuS PE=3 SV=1	leuS_bact	leucine--tRNA ligase bacteria	0.0	1175.0
sp|Q9WY15|SYL_THEMA	Leucine--tRNA ligase OS=Thermotoga maritima (strain ATCC 43589 / DSM 3109 / JCM 10099 / NBRC 100	leuS_bact	leucine--tRNA ligase bacteria	0.0	1158.7
sp|A5W9H9|SYL_PSEP1	Leucine--tRNA ligase OS=Pseudomonas putida (strain ATCC 700007 / DSM 6899 / BCRC 17059 / F1) OX=	leuS_bact	leucine--tRNA ligase bacteria	0.0	1150.4
sp|A4XYW8|SYL_PSEMY	Leucine--tRNA ligase OS=Pseudomonas mendocina (strain ymp) OX=399739 GN=leuS PE=3 SV=2	leuS_bact	leucine--tRNA ligase bacteria	0.0	1141.6
sp|Q2S415|SYL_SALRD	Leucine--tRNA ligase OS=Salinibacter ruber (strain DSM 13855 / M31) OX=309807 GN=leuS PE=3 SV=1	leuS_bact	leucine--tRNA ligase bacteria	0.0	1139.4
sp|Q3AJU8|SYL_SYNSC	Leucine--tRNA ligase OS=Synechococcus sp. (strain CC9605) OX=110662 GN=leuS PE=3 SV=1	leuS_bact	leucine--tRNA ligase bacteria	0.0	1135.9
sp|Q87C65|SYL_XYLFT	Leucine--tRNA ligase OS=Xylella fastidiosa (strain Temecula1 / ATCC 700964) OX=183190 GN=leuS PE	leuS_bact	leucine--tRNA ligase bacteria	0.0	1116.2
sp|Q47IN0|SYL_DECAR	Leucine--tRNA ligase OS=Dechloromonas aromatica (strain RCB) OX=159087 GN=leuS PE=3 SV=2	leuS_bact	leucine--tRNA ligase bacteria	0.0	1090.1
sp|Q2SZ91|SYL_BURTA	Leucine--tRNA ligase OS=Burkholderia thailandensis (strain ATCC 700388 / DSM 13276 / CIP 106301	leuS_bact	leucine--tRNA ligase bacteria	0.0	1063.5
sp|Q9Z930|SYL_CHLPN	Leucine--tRNA ligase OS=Chlamydia pneumoniae OX=83558 GN=leuS PE=3 SV=1	leuS_bact	leucine--tRNA ligase bacteria	0.0	1041.0
sp|Q6MSR0|SYL_MYCMS	Leucine--tRNA ligase OS=Mycoplasma mycoides subsp. mycoides SC (strain PG1) OX=272632 GN=leuS PE	leuS_bact	leucine--tRNA ligase bacteria	1.4e-305	1010.7
sp|Q9RSF0|SYL_DEIRA	Leucine--tRNA ligase OS=Deinococcus radiodurans (strain ATCC 13939 / DSM 20539 / JCM 16871 / LMG	leuS_bact	leucine--tRNA ligase bacteria	1.6e-302	1000.6
sp|A8IMK0|SYL_AZOC5	Leucine--tRNA ligase OS=Azorhizobium caulinodans (strain ATCC 43989 / DSM 5975 / JCM 20966 / LMG	leuS_bact	leucine--tRNA ligase bacteria	6e-302	998.7
sp|A1R6X5|SYL_PAEAT	Leucine--tRNA ligase OS=Paenarthrobacter aurescens (strain TC1) OX=290340 GN=leuS PE=3 SV=2	leuS_bact	leucine--tRNA ligase bacteria	1.6e-292	967.5
sp|Q47MY0|SYL_THEFY	Leucine--tRNA ligase OS=Thermobifida fusca (strain YX) OX=269800 GN=leuS PE=3 SV=1	leuS_bact	leucine--tRNA ligase bacteria	1.1e-291	964.7
sp|A1SHV9|SYL_NOCSJ	Leucine--tRNA ligase OS=Nocardioides sp. (strain ATCC BAA-499 / JS614) OX=196162 GN=leuS PE=3 SV	leuS_bact	leucine--tRNA ligase bacteria	1e-280	928.4
sp|Q1B0U5|SYL_MYCSS	Leucine--tRNA ligase OS=Mycobacterium sp. (strain MCS) OX=164756 GN=leuS PE=3 SV=2	leuS_bact	leucine--tRNA ligase bacteria	7e-269	889.3
sp|A1A1R2|SYL_BIFAA	Leucine--tRNA ligase OS=Bifidobacterium adolescentis (strain ATCC 15703 / DSM 20083 / NCTC 11814	leuS_bact	leucine--tRNA ligase bacteria	2.2e-265	877.8
sp|Q9HN72|SYL_HALSA	Leucine--tRNA ligase OS=Halobacterium salinarum (strain ATCC 700922 / JCM 11081 / NRC-1) OX=6409	leuS_bact	leucine--tRNA ligase bacteria	5.5e-265	876.4
sp|Q58050|SYL_METJA	Leucine--tRNA ligase OS=Methanocaldococcus jannaschii (strain ATCC 43067 / DSM 2661 / JAL-1 / JC	leuS_arch	leucine--tRNA ligase archaea	0.0	1591.0
sp|O27552|SYL_METTH	Leucine--tRNA ligase OS=Methanothermobacter thermautotrophicus (strain ATCC 29096 / DSM 1053 / J	leuS_arch	leucine--tRNA ligase archaea	0.0	1579.2
sp|Q6LZD2|SYL_METMP	Leucine--tRNA ligase OS=Methanococcus maripaludis (strain S2 / LL) OX=267377 GN=leuS PE=3 SV=1	leuS_arch	leucine--tRNA ligase archaea	0.0	1279.2
sp|A6USJ5|SYL_METVS	Leucine--tRNA ligase OS=Methanococcus vannielii (strain ATCC 35089 / DSM 1224 / JCM 13029 / OCM	leuS_arch	leucine--tRNA ligase archaea	0.0	1273.1
sp|Q46AW0|SYL_METBF	Leucine--tRNA ligase OS=Methanosarcina barkeri (strain Fusaro / DSM 804) OX=269797 GN=leuS PE=3	leuS_arch	leucine--tRNA ligase archaea	0.0	1254.0
sp|Q8TQD3|SYL_METAC	Leucine--tRNA ligase OS=Methanosarcina acetivorans (strain ATCC 35395 / DSM 2834 / JCM 12185 / C	leuS_arch	leucine--tRNA ligase archaea	0.0	1247.5
sp|Q8U2E6|SYL_PYRFU	Leucine--tRNA ligase OS=Pyrococcus furiosus (strain ATCC 43587 / DSM 3638 / JCM 8422 / Vc1) OX=1	leuS_arch	leucine--tRNA ligase archaea	0.0	1242.3
sp|O58698|SYL_PYRHO	Leucine--tRNA ligase OS=Pyrococcus horikoshii (strain ATCC 700860 / DSM 12428 / JCM 9974 / NBRC	leuS_arch	leucine--tRNA ligase archaea	0.0	1242.1
sp|Q9V0B9|SYL_PYRAB	Leucine--tRNA ligase OS=Pyrococcus abyssi (strain GE5 / Orsay) OX=272844 GN=leuS PE=3 SV=1	leuS_arch	leucine--tRNA ligase archaea	0.0	1242.1
sp|A0B7B7|SYL_METTP	Leucine--tRNA ligase OS=Methanothrix thermoacetophila (strain DSM 6194 / JCM 14653 / NBRC 101360	leuS_arch	leucine--tRNA ligase archaea	0.0	1238.5
sp|A6UTK3|SYL_META3	Leucine--tRNA ligase OS=Methanococcus aeolicus (strain ATCC BAA-1280 / DSM 17508 / OCM 812 / Nan	leuS_arch	leucine--tRNA ligase archaea	0.0	1236.0
sp|Q8NKR7|SYL_THEKO	Leucine--tRNA ligase OS=Thermococcus kodakarensis (strain ATCC BAA-918 / JCM 12380 / KOD1) OX=69	leuS_arch	leucine--tRNA ligase archaea	0.0	1220.4
sp|Q12WA2|SYL_METBU	Leucine--tRNA ligase OS=Methanococcoides burtonii (strain DSM 6242 / NBRC 107633 / OCM 468 / ACE	leuS_arch	leucine--tRNA ligase archaea	0.0	1213.5
sp|Q8TVM4|SYL_METKA	Leucine--tRNA ligase OS=Methanopyrus kandleri (strain AV19 / DSM 6324 / JCM 9639 / NBRC 100938)	leuS_arch	leucine--tRNA ligase archaea	0.0	1184.9
sp|Q9YD97|SYL_AERPE	Leucine--tRNA ligase OS=Aeropyrum pernix (strain ATCC 700893 / DSM 11879 / JCM 9820 / NBRC 10013	leuS_arch	leucine--tRNA ligase archaea	6.2e-298	985.7
sp|A3DKS1|SYL_STAMF	Leucine--tRNA ligase OS=Staphylothermus marinus (strain ATCC 43588 / DSM 3639 / JCM 9404 / F1) O	leuS_arch	leucine--tRNA ligase archaea	7.9e-290	958.9
sp|A4YI28|SYL2_METS5	Leucine--tRNA ligase 2 OS=Metallosphaera sedula (strain ATCC 51363 / DSM 5348 / JCM 9185 / NBRC	leuS_arch	leucine--tRNA ligase archaea	1.6e-287	951.2
sp|A1RTX9|SYL_PYRIL	Leucine--tRNA ligase OS=Pyrobaculum islandicum (strain DSM 4184 / JCM 9189 / GEO3) OX=384616 GN=	leuS_arch	leucine--tRNA ligase archaea	2.2e-287	950.8
sp|A8A8T2|SYL_IGNH4	Leucine--tRNA ligase OS=Ignicoccus hospitalis (strain KIN4/I / DSM 18386 / JCM 14125) OX=453591	leuS_arch	leucine--tRNA ligase archaea	3.3e-287	950.2
sp|A3MU00|SYL_PYRCJ	Leucine--tRNA ligase OS=Pyrobaculum calidifontis (strain DSM 21063 / JCM 11548 / VA1) OX=410359	leuS_arch	leucine--tRNA ligase archaea	3e-284	940.4
sp|Q970Z6|SYL2_SULTO	Leucine--tRNA ligase 2 OS=Sulfurisphaera tokodaii (strain DSM 16993 / JCM 10545 / NBRC 100140 /	leuS_arch	leucine--tRNA ligase archaea	4.5e-284	939.8
sp|Q4J8J7|SYL2_SULAC	Leucine--tRNA ligase 2 OS=Sulfolobus acidocaldarius (strain ATCC 33909 / DSM 639 / JCM 8929 / N	leuS_arch	leucine--tRNA ligase archaea	4.2e-283	936.6
sp|B1YAS9|SYL_PYRNV	Leucine--tRNA ligase OS=Pyrobaculum neutrophilum (strain DSM 2338 / JCM 9278 / NBRC 100436 / V24	leuS_arch	leucine--tRNA ligase archaea	1.7e-282	934.6
sp|Q8ZXT6|SYL_PYRAE	Leucine--tRNA ligase OS=Pyrobaculum aerophilum (strain ATCC 51768 / DSM 7523 / JCM 9630 / CIP 10	leuS_arch	leucine--tRNA ligase archaea	1.5e-279	924.9
sp|Q4JBP0|SYL1_SULAC	Leucine--tRNA ligase 1 OS=Sulfolobus acidocaldarius (strain ATCC 33909 / DSM 639 / JCM 8929 / N	leuS_arch	leucine--tRNA ligase archaea	8.8e-236	780.0
sp|P58176|SYL1_SACS2	Leucine--tRNA ligase 1 OS=Saccharolobus solfataricus (strain ATCC 35092 / DSM 1617 / JCM 11322	leuS_arch	leucine--tRNA ligase archaea	1e-224	743.4
sp|P13242|PYRG_BACSU	CTP synthase OS=Bacillus subtilis (strain 168) OX=224308 GN=pyrG PE=1 SV=1	PyrG	CTP synthase (glutamine hydrolyzing)	1.1e-275	910.0
sp|P44341|PYRG_HAEIN	CTP synthase OS=Haemophilus influenzae (strain ATCC 51907 / DSM 11121 / KW20 / Rd) OX=71421 GN=	PyrG	CTP synthase (glutamine hydrolyzing)	1.9e-270	892.8
sp|P65922|PYRG_SALTI	CTP synthase OS=Salmonella typhi OX=90370 GN=pyrG PE=3 SV=2	PyrG	CTP synthase (glutamine hydrolyzing)	1.8e-268	886.2
sp|P0A7E5|PYRG_ECOLI	CTP synthase OS=Escherichia coli (strain K12) OX=83333 GN=pyrG PE=1 SV=2	PyrG	CTP synthase (glutamine hydrolyzing)	3.3e-268	885.4
sp|P0A7E6|PYRG_ECOL6	CTP synthase OS=Escherichia coli O6:H1 (strain CFT073 / ATCC 700928 / UPEC) OX=199310 GN=pyrG P	PyrG	CTP synthase (glutamine hydrolyzing)	3.3e-268	885.4
sp|Q9K6D7|PYRG_ALKHC	CTP synthase OS=Alkalihalobacillus halodurans (strain ATCC BAA-125 / DSM 18197 / FERM 7344 / JC	PyrG	CTP synthase (glutamine hydrolyzing)	4.7e-268	884.9
sp|Q65VZ8|PYRG_MANSM	CTP synthase OS=Mannheimia succiniciproducens (strain MBEL55E) OX=221988 GN=pyrG PE=3 SV=2	PyrG	CTP synthase (glutamine hydrolyzing)	2.4e-267	882.5
sp|Q630R0|PYRG_BACCZ	CTP synthase OS=Bacillus cereus (strain ZK / E33L) OX=288681 GN=pyrG PE=3 SV=1	PyrG	CTP synthase (glutamine hydrolyzing)	4.6e-267	881.6
sp|Q0I200|PYRG_HAES1	CTP synthase OS=Haemophilus somnus (strain 129Pt) OX=205914 GN=pyrG PE=3 SV=2	PyrG	CTP synthase (glutamine hydrolyzing)	1.9e-265	876.3
sp|P65923|PYRG_STAAM	CTP synthase OS=Staphylococcus aureus (strain Mu50 / ATCC 700699) OX=158878 GN=pyrG PE=3 SV=1	PyrG	CTP synthase (glutamine hydrolyzing)	9.4e-259	854.2
sp|Q9HXZ4|PYRG_PSEAE	CTP synthase OS=Pseudomonas aeruginosa (strain ATCC 15692 / DSM 22644 / CIP 104116 / JCM 14847	PyrG	CTP synthase (glutamine hydrolyzing)	8.6e-255	841.1
sp|Q83B36|PYRG_COXBU	CTP synthase OS=Coxiella burnetii (strain RSA 493 / Nine Mile phase I) OX=227377 GN=pyrG PE=3 S	PyrG	CTP synthase (glutamine hydrolyzing)	1.4e-253	837.1
sp|Q46I97|PYRG_PROMT	CTP synthase OS=Prochlorococcus marinus (strain NATL2A) OX=59920 GN=pyrG PE=3 SV=1	PyrG	CTP synthase (glutamine hydrolyzing)	1.2e-251	830.8
sp|O67353|PYRG_AQUAE	CTP synthase OS=Aquifex aeolicus (strain VF5) OX=224324 GN=pyrG PE=3 SV=1	PyrG	CTP synthase (glutamine hydrolyzing)	6.8e-251	828.2
sp|C6BWN7|PYRG_MARSD	CTP synthase OS=Maridesulfovibrio salexigens (strain ATCC 14822 / DSM 2638 / NCIMB 8403 / VKM B	PyrG	CTP synthase (glutamine hydrolyzing)	1.3e-246	814.1
sp|O51522|PYRG_BORBU	CTP synthase OS=Borreliella burgdorferi (strain ATCC 35210 / DSM 4680 / CIP 102532 / B31) OX=22	PyrG	CTP synthase (glutamine hydrolyzing)	8.7e-241	794.9
sp|Q3B6P1|PYRG_CHLL3	CTP synthase OS=Chlorobium luteolum (strain DSM 273 / BCRC 81028 / 2530) OX=319225 GN=pyrG PE=3	PyrG	CTP synthase (glutamine hydrolyzing)	4.8e-240	792.5
sp|Q8D2K0|PYRG_WIGBR	CTP synthase OS=Wigglesworthia glossinidia brevipalpis OX=36870 GN=pyrG PE=3 SV=2	PyrG	CTP synthase (glutamine hydrolyzing)	7.9e-239	788.4
sp|Q660U9|PYRG_BORGP	CTP synthase OS=Borrelia garinii subsp. bavariensis (strain ATCC BAA-2496 / DSM 23469 / PBi) OX	PyrG	CTP synthase (glutamine hydrolyzing)	9.7e-239	788.1
sp|Q47QN2|PYRG_THEFY	CTP synthase OS=Thermobifida fusca (strain YX) OX=269800 GN=pyrG PE=3 SV=2	PyrG	CTP synthase (glutamine hydrolyzing)	1.9e-234	774.0
sp|Q2NK04|PYRG_AYWBP	CTP synthase OS=Aster yellows witches'-broom phytoplasma (strain AYWB) OX=322098 GN=pyrG PE=3 S	PyrG	CTP synthase (glutamine hydrolyzing)	5.7e-234	772.4
sp|Q6MD01|PYRG_PARUW	CTP synthase OS=Protochlamydia amoebophila (strain UWE25) OX=264201 GN=pyrG PE=3 SV=2	PyrG	CTP synthase (glutamine hydrolyzing)	3.6e-231	763.2
sp|Q9S224|PYRG_STRCO	CTP synthase OS=Streptomyces coelicolor (strain ATCC BAA-471 / A3(2) / M145) OX=100226 GN=pyrG	PyrG	CTP synthase (glutamine hydrolyzing)	6.7e-230	759.0
sp|Q8UEY5|PYRG_AGRFC	CTP synthase OS=Agrobacterium fabrum (strain C58 / ATCC 33970) OX=176299 GN=pyrG PE=3 SV=2	PyrG	CTP synthase (glutamine hydrolyzing)	2.6e-229	757.0
sp|Q5LTV0|PYRG_RUEPO	CTP synthase OS=Ruegeria pomeroyi (strain ATCC 700808 / DSM 15171 / DSS-3) OX=246200 GN=pyrG PE	PyrG	CTP synthase (glutamine hydrolyzing)	2.9e-229	756.9
sp|Q9WZR0|PYRG_THEMA	CTP synthase OS=Thermotoga maritima (strain ATCC 43589 / DSM 3109 / JCM 10099 / NBRC 100826 / M	PyrG	CTP synthase (glutamine hydrolyzing)	3.8e-207	683.9
sp|O34942|RECG_BACSU	ATP-dependent DNA helicase RecG OS=Bacillus subtilis (strain 168) OX=224308 GN=recG PE=3 SV=1	recG	ATP-dependent DNA helicase RecG	8e-273	901.7
sp|P43809|RECG_HAEIN	ATP-dependent DNA helicase RecG OS=Haemophilus influenzae (strain ATCC 51907 / DSM 11121 / KW20	recG	ATP-dependent DNA helicase RecG	1.5e-265	877.7
sp|Q55681|RECG_SYNY3	ATP-dependent DNA helicase RecG OS=Synechocystis sp. (strain PCC 6803 / Kazusa) OX=1111708 GN=r	recG	ATP-dependent DNA helicase RecG	7e-264	872.2
sp|Q54900|RECG_STRPN	ATP-dependent DNA helicase RecG OS=Streptococcus pneumoniae serotype 4 (strain ATCC BAA-334 / T	recG	ATP-dependent DNA helicase RecG	4.7e-262	866.1
sp|O67837|RECG_AQUAE	ATP-dependent DNA helicase RecG OS=Aquifex aeolicus (strain VF5) OX=224324 GN=recG PE=3 SV=1	recG	ATP-dependent DNA helicase RecG	2.5e-261	863.7
sp|P96130|RECG_TREPA	ATP-dependent DNA helicase RecG OS=Treponema pallidum (strain Nichols) OX=243276 GN=recG PE=3 S	recG	ATP-dependent DNA helicase RecG	5e-261	862.7
sp|P24230|RECG_ECOLI	ATP-dependent DNA helicase RecG OS=Escherichia coli (strain K12) OX=83333 GN=recG PE=1 SV=1	recG	ATP-dependent DNA helicase RecG	1.2e-259	858.2
sp|Q8XD86|RECG_ECO57	ATP-dependent DNA helicase RecG OS=Escherichia coli O157:H7 OX=83334 GN=recG PE=3 SV=1	recG	ATP-dependent DNA helicase RecG	2.5e-259	857.1
sp|O51528|RECG_BORBU	ATP-dependent DNA helicase RecG OS=Borreliella burgdorferi (strain ATCC 35210 / DSM 4680 / CIP	recG	ATP-dependent DNA helicase RecG	8.3e-258	852.1
sp|Q9CMB4|RECG_PASMU	ATP-dependent DNA helicase RecG OS=Pasteurella multocida (strain Pm70) OX=272843 GN=recG PE=3 S	recG	ATP-dependent DNA helicase RecG	7.5e-256	845.6
sp|P64323|RECG_MYCBO	ATP-dependent DNA helicase RecG OS=Mycobacterium bovis (strain ATCC BAA-935 / AF2122/97) OX=233	recG	ATP-dependent DNA helicase RecG	9.1e-233	769.4
sp|P9WMQ6|RECG_MYCTO	ATP-dependent DNA helicase RecG OS=Mycobacterium tuberculosis (strain CDC 1551 / Oshkosh) OX=83	recG	ATP-dependent DNA helicase RecG	9.1e-233	769.4
sp|P9WMQ7|RECG_MYCTU	ATP-dependent DNA helicase RecG OS=Mycobacterium tuberculosis (strain ATCC 25618 / H37Rv) OX=83	recG	ATP-dependent DNA helicase RecG	9.1e-233	769.4
sp|Q5HPW4|RECG_STAEQ	ATP-dependent DNA helicase RecG OS=Staphylococcus epidermidis (strain ATCC 35984 / RP62A) OX=17	recG	ATP-dependent DNA helicase RecG	2.3e-230	761.4
sp|P64324|RECG_STAAM	ATP-dependent DNA helicase RecG OS=Staphylococcus aureus (strain Mu50 / ATCC 700699) OX=158878	recG	ATP-dependent DNA helicase RecG	7.4e-230	759.8
sp|P64325|RECG_STAAN	ATP-dependent DNA helicase RecG OS=Staphylococcus aureus (strain N315) OX=158879 GN=recG PE=1 S	recG	ATP-dependent DNA helicase RecG	7.4e-230	759.8
sp|Q8CSV3|RECG_STAES	ATP-dependent DNA helicase RecG OS=Staphylococcus epidermidis (strain ATCC 12228 / FDA PCI 1200	recG	ATP-dependent DNA helicase RecG	9e-230	759.5
sp|Q6G9Y6|RECG_STAAS	ATP-dependent DNA helicase RecG OS=Staphylococcus aureus (strain MSSA476) OX=282459 GN=recG PE=	recG	ATP-dependent DNA helicase RecG	1.6e-229	758.7
sp|Q8NX11|RECG_STAAW	ATP-dependent DNA helicase RecG OS=Staphylococcus aureus (strain MW2) OX=196620 GN=recG PE=3 SV	recG	ATP-dependent DNA helicase RecG	1.6e-229	758.7
sp|O50581|RECG_STAA8	ATP-dependent DNA helicase RecG OS=Staphylococcus aureus (strain NCTC 8325 / PS 47) OX=93061 GN	recG	ATP-dependent DNA helicase RecG	2e-229	758.3
sp|Q5HGK6|RECG_STAAC	ATP-dependent DNA helicase RecG OS=Staphylococcus aureus (strain COL) OX=93062 GN=recG PE=3 SV=	recG	ATP-dependent DNA helicase RecG	2e-229	758.3
sp|Q6GHK8|RECG_STAAR	ATP-dependent DNA helicase RecG OS=Staphylococcus aureus (strain MRSA252) OX=282458 GN=recG PE=	recG	ATP-dependent DNA helicase RecG	6.3e-228	753.4
sp|O69460|RECG_MYCLE	ATP-dependent DNA helicase RecG OS=Mycobacterium leprae (strain TN) OX=272631 GN=recG PE=3 SV=2	recG	ATP-dependent DNA helicase RecG	1.8e-213	705.7
sp|P04257|RL2_GEOSE	50S ribosomal protein L2 OS=Geobacillus stearothermophilus OX=1422 GN=rplB PE=1 SV=2	rplB_bact	50S ribosomal protein L2	3.6e-143	470.8
sp|B7K332|RL2_RIPO1	50S ribosomal protein L2 OS=Rippkaea orientalis (strain PCC 8801) OX=41431 GN=rplB PE=3 SV=1	rplB_bact	50S ribosomal protein L2	2.3e-138	455.0
sp|Q72I07|RL2_THET2	50S ribosomal protein L2 OS=Thermus thermophilus (strain ATCC BAA-163 / DSM 7039 / HB27) OX=2627	rplB_bact	50S ribosomal protein L2	7.6e-138	453.3
sp|Q8YPI2|RL2_NOSS1	50S ribosomal protein L2 OS=Nostoc sp. (strain PCC 7120 / SAG 25.82 / UTEX 2576) OX=103690 GN=rp	rplB_bact	50S ribosomal protein L2	3.4e-136	447.9
sp|A7ZSK6|RL2_ECO24	50S ribosomal protein L2 OS=Escherichia coli O139:H28 (strain E24377A / ETEC) OX=331111 GN=rplB	rplB_bact	50S ribosomal protein L2	2.1e-134	442.1
sp|B1LHD1|RL2_ECOSM	50S ribosomal protein L2 OS=Escherichia coli (strain SMS-3-5 / SECEC) OX=439855 GN=rplB PE=3 SV=	rplB_bact	50S ribosomal protein L2	2.1e-134	442.1
sp|B1X6G8|RL2_ECODH	50S ribosomal protein L2 OS=Escherichia coli (strain K12 / DH10B) OX=316385 GN=rplB PE=3 SV=1	rplB_bact	50S ribosomal protein L2	2.1e-134	442.1
sp|B2U2T5|RL2_SHIB3	50S ribosomal protein L2 OS=Shigella boydii serotype 18 (strain CDC 3083-94 / BS512) OX=344609 G	rplB_bact	50S ribosomal protein L2	2.1e-134	442.1
sp|B5YTN8|RL2_ECO5E	50S ribosomal protein L2 OS=Escherichia coli O157:H7 (strain EC4115 / EHEC) OX=444450 GN=rplB PE	rplB_bact	50S ribosomal protein L2	2.1e-134	442.1
sp|B7M1N1|RL2_ECO8A	50S ribosomal protein L2 OS=Escherichia coli O8 (strain IAI1) OX=585034 GN=rplB PE=3 SV=1	rplB_bact	50S ribosomal protein L2	2.1e-134	442.1
sp|P60422|RL2_ECOLI	50S ribosomal protein L2 OS=Escherichia coli (strain K12) OX=83333 GN=rplB PE=1 SV=2	rplB_bact	50S ribosomal protein L2	2.1e-134	442.1
sp|P60423|RL2_ECOL6	50S ribosomal protein L2 OS=Escherichia coli O6:H1 (strain CFT073 / ATCC 700928 / UPEC) OX=19931	rplB_bact	50S ribosomal protein L2	2.1e-134	442.1
sp|P60429|RL2_SHIFL	50S ribosomal protein L2 OS=Shigella flexneri OX=623 GN=rplB PE=3 SV=2	rplB_bact	50S ribosomal protein L2	2.1e-134	442.1
sp|Q0TCE4|RL2_ECOL5	50S ribosomal protein L2 OS=Escherichia coli O6:K15:H31 (strain 536 / UPEC) OX=362663 GN=rplB PE	rplB_bact	50S ribosomal protein L2	2.1e-134	442.1
sp|Q3YWU2|RL2_SHISS	50S ribosomal protein L2 OS=Shigella sonnei (strain Ss046) OX=300269 GN=rplB PE=3 SV=1	rplB_bact	50S ribosomal protein L2	2.1e-134	442.1
sp|Q32B34|RL2_SHIDS	50S ribosomal protein L2 OS=Shigella dysenteriae serotype 1 (strain Sd197) OX=300267 GN=rplB PE=	rplB_bact	50S ribosomal protein L2	3.3e-134	441.4
sp|P60436|RL2_YERPE	50S ribosomal protein L2 OS=Yersinia pestis OX=632 GN=rplB PE=3 SV=1	rplB_bact	50S ribosomal protein L2	4e-134	441.1
sp|P60428|RL2_SALTY	50S ribosomal protein L2 OS=Salmonella typhimurium (strain LT2 / SGSC1412 / ATCC 700720) OX=9928	rplB_bact	50S ribosomal protein L2	7.5e-134	440.2
sp|B8HMQ7|RL2_CYAP4	50S ribosomal protein L2 OS=Cyanothece sp. (strain PCC 7425 / ATCC 29141) OX=395961 GN=rplB PE=3	rplB_bact	50S ribosomal protein L2	2.6e-132	435.2
sp|Q0ID08|RL2_SYNS3	50S ribosomal protein L2 OS=Synechococcus sp. (strain CC9311) OX=64471 GN=rplB PE=3 SV=1	rplB_bact	50S ribosomal protein L2	2.4e-130	428.7
sp|Q7NM65|RL2_GLOVI	50S ribosomal protein L2 OS=Gloeobacter violaceus (strain ATCC 29082 / PCC 7421) OX=251221 GN=rp	rplB_bact	50S ribosomal protein L2	2.4e-130	428.7
sp|Q3AUW0|RL2_SYNS9	50S ribosomal protein L2 OS=Synechococcus sp. (strain CC9902) OX=316279 GN=rplB PE=3 SV=1	rplB_bact	50S ribosomal protein L2	9e-130	426.9
sp|A5GIU2|RL2_SYNPW	50S ribosomal protein L2 OS=Synechococcus sp. (strain WH7803) OX=32051 GN=rplB PE=3 SV=1	rplB_bact	50S ribosomal protein L2	1e-129	426.7
sp|Q8RIF8|RL2_FUSNN	50S ribosomal protein L2 OS=Fusobacterium nucleatum subsp. nucleatum (strain ATCC 25586 / DSM 15	rplB_bact	50S ribosomal protein L2	9.7e-128	420.2
sp|Q9Z7R0|RL2_CHLPN	50S ribosomal protein L2 OS=Chlamydia pneumoniae OX=83558 GN=rplB PE=3 SV=1	rplB_bact	50S ribosomal protein L2	1.9e-127	419.2
sp|P47400|RL2_MYCGE	50S ribosomal protein L2 OS=Mycoplasma genitalium (strain ATCC 33530 / G-37 / NCTC 10195) OX=243	rplB_bact	50S ribosomal protein L2	2.9e-125	412.1
sp|O52335|RL2_MYCGA	50S ribosomal protein L2 OS=Mycoplasma gallisepticum (strain R(low / passage 15 / clone 2)) OX=7	rplB_bact	50S ribosomal protein L2	2.4e-119	392.6
sp|P00458|NIFH_KLEPN	Nitrogenase iron protein OS=Klebsiella pneumoniae OX=573 GN=nifH PE=1 SV=2	nifH	nitrogenase iron protein	8e-148	486.0
sp|P26250|NIFH_NOSCO	Nitrogenase iron protein OS=Nostoc commune OX=1178 GN=nifH PE=3 SV=2	nifH	nitrogenase iron protein	1.5e-144	475.2
sp|P0A3S2|NIFH_TRIAZ	Nitrogenase iron protein OS=Trichormus azollae OX=1164 GN=nifH PE=3 SV=1	nifH	nitrogenase iron protein	3.2e-144	474.1
sp|P33178|NIFH_ANASL	Nitrogenase iron protein OS=Anabaena sp. (strain L31) OX=29412 GN=nifH PE=3 SV=1	nifH	nitrogenase iron protein	4.7e-144	473.6
sp|B4SC59|NIFH_PELPB	Nitrogenase iron protein OS=Pelodictyon phaeoclathratiforme (strain DSM 5477 / BU-1) OX=324925	nifH	nitrogenase iron protein	5e-142	467.0
sp|P17303|NIFH_AZOBR	Nitrogenase iron protein OS=Azospirillum brasilense OX=192 GN=nifH PE=3 SV=1	nifH	nitrogenase iron protein	3e-141	464.4
sp|Q07942|NIFH2_RHOCA	Nitrogenase iron protein 2 OS=Rhodobacter capsulatus OX=1061 GN=anfH PE=3 SV=1	nifH	nitrogenase iron protein	1.3e-140	462.3
sp|P0CW56|NIFH_METMI	Nitrogenase iron protein OS=Methanococcus maripaludis OX=39152 GN=nifH PE=3 SV=1	nifH	nitrogenase iron protein	1.7e-140	461.9
sp|P00463|NIFH_BRASP	Nitrogenase iron protein OS=Bradyrhizobium sp. (strain ANU 289) OX=186901 GN=nifH PE=3 SV=1	nifH	nitrogenase iron protein	2.8e-140	461.2
sp|P06117|NIFH_BRADU	Nitrogenase iron protein OS=Bradyrhizobium diazoefficiens (strain JCM 10833 / BCRC 13528 / IAM	nifH	nitrogenase iron protein	5.2e-140	460.3
sp|O31183|NIFH_CERSP	Nitrogenase iron protein OS=Cereibacter sphaeroides OX=1063 GN=nifH PE=3 SV=1	nifH	nitrogenase iron protein	3.1e-139	457.8
sp|A1BEH0|NIFH_CHLPD	Nitrogenase iron protein OS=Chlorobium phaeobacteroides (strain DSM 266) OX=290317 GN=nifH PE=3	nifH	nitrogenase iron protein	3.5e-139	457.6
sp|P08925|NIFH_FRAAL	Nitrogenase iron protein OS=Frankia alni OX=1859 GN=nifH PE=3 SV=1	nifH	nitrogenase iron protein	1.3e-138	455.7
sp|P26254|NIFH_TRITH	Nitrogenase iron protein OS=Trichodesmium thiebautii OX=1208 GN=nifH PE=3 SV=2	nifH	nitrogenase iron protein	1.4e-137	452.3
sp|P16269|NIFH3_AZOVI	Nitrogenase iron protein 3 OS=Azotobacter vinelandii OX=354 GN=anfH PE=3 SV=1	nifH	nitrogenase iron protein	1.4e-137	452.3
sp|P00462|NIFH_RHIET	Nitrogenase iron protein OS=Rhizobium etli OX=29449 GN=nifH PE=3 SV=1	nifH	nitrogenase iron protein	2.1e-137	451.8
sp|Q58289|NIFH_METJA	Nitrogenase iron protein OS=Methanocaldococcus jannaschii (strain ATCC 43067 / DSM 2661 / JAL-1	nifH	nitrogenase iron protein	3.8e-137	450.9
sp|Q98AP7|NIFH_RHILO	Nitrogenase iron protein OS=Mesorhizobium japonicum (strain LMG 29417 / CECT 9101 / MAFF 303099	nifH	nitrogenase iron protein	9.5e-137	449.6
sp|P22921|NIFH_RHORU	Nitrogenase iron protein OS=Rhodospirillum rubrum OX=1085 GN=nifH PE=1 SV=1	nifH	nitrogenase iron protein	3.7e-136	447.7
sp|P00461|NIFH_RHILT	Nitrogenase iron protein OS=Rhizobium leguminosarum bv. trifolii OX=386 GN=nifH PE=3 SV=1	nifH	nitrogenase iron protein	1.6e-135	445.6
sp|P06661|NIFH_ACIFR	Nitrogenase iron protein OS=Acidithiobacillus ferrooxidans OX=920 GN=nifH PE=3 SV=2	nifH	nitrogenase iron protein	7.2e-135	443.5
sp|P06119|NIFH_METVO	Nitrogenase iron protein OS=Methanococcus voltae OX=2188 GN=nifH PE=3 SV=1	nifH	nitrogenase iron protein	2e-129	425.6
sp|P17862|NODC_RHILO	N-acetylglucosaminyltransferase OS=Mesorhizobium japonicum (strain LMG 29417 / CECT 9101 / MAFF	nodC	chitooligosaccharide synthase NodC	2.9e-233	768.8
sp|P50357|NODC_SINFN	N-acetylglucosaminyltransferase OS=Sinorhizobium fredii (strain NBRC 101917 / NGR234) OX=394 GN	nodC	chitooligosaccharide synthase NodC	3.3e-232	765.3
sp|P72334|NODC_RHIS3	N-acetylglucosaminyltransferase OS=Rhizobium sp. (strain N33) OX=103798 GN=nodC PE=3 SV=1	nodC	chitooligosaccharide synthase NodC	1e-231	763.7
sp|P26024|NODC_BRADU	N-acetylglucosaminyltransferase OS=Bradyrhizobium diazoefficiens (strain JCM 10833 / BCRC 13528	nodC	chitooligosaccharide synthase NodC	2.8e-228	752.4
sp|P04341|NODC_RHIME	N-acetylglucosaminyltransferase OS=Rhizobium meliloti (strain 1021) OX=266834 GN=nodC PE=3 SV=1	nodC	chitooligosaccharide synthase NodC	7.5e-228	751.0
sp|P04340|NODC_RHILV	N-acetylglucosaminyltransferase OS=Rhizobium leguminosarum bv. viciae OX=387 GN=nodC PE=3 SV=1	nodC	chitooligosaccharide synthase NodC	3.5e-227	748.8
sp|P50356|NODC_NEOGA	N-acetylglucosaminyltransferase OS=Neorhizobium galegae OX=399 GN=nodC PE=3 SV=1	nodC	chitooligosaccharide synthase NodC	7.5e-211	695.0
sp|Q07755|NODC_AZOC5	N-acetylglucosaminyltransferase OS=Azorhizobium caulinodans (strain ATCC 43989 / DSM 5975 / JCM	nodC	chitooligosaccharide synthase NodC	1.7e-202	667.5
